Data loaded and split
Start training
Epoch [80/500], Train Loss: 0.0155, Train L1 Loss: 0.6588
Epoch [80/500], Validation Loss: 0.0146, Validation L1: 0.6252, Smoothed Validation Loss: 10.6092
Epoch [81/500], Train Loss: 0.0149, Train L1 Loss: 0.6422
Epoch [81/500], Validation Loss: 0.0102, Validation L1: 0.5534, Smoothed Validation Loss: 9.5493
Epoch [82/500], Train Loss: 0.0138, Train L1 Loss: 0.6515
Epoch [82/500], Validation Loss: 0.0114, Validation L1: 0.5934, Smoothed Validation Loss: 8.5955
Epoch [83/500], Train Loss: 0.0128, Train L1 Loss: 0.6338
Epoch [83/500], Validation Loss: 0.0106, Validation L1: 0.5505, Smoothed Validation Loss: 7.7370
Epoch [84/500], Train Loss: 0.0121, Train L1 Loss: 0.6092
Epoch [84/500], Validation Loss: 0.0118, Validation L1: 0.5587, Smoothed Validation Loss: 6.9645
Epoch [85/500], Train Loss: 0.0138, Train L1 Loss: 0.6113
Epoch [85/500], Validation Loss: 0.0106, Validation L1: 0.5638, Smoothed Validation Loss: 6.2691
Epoch [86/500], Train Loss: 0.0128, Train L1 Loss: 0.6052
Epoch [86/500], Validation Loss: 0.0106, Validation L1: 0.5618, Smoothed Validation Loss: 5.6433
Epoch [87/500], Train Loss: 0.0128, Train L1 Loss: 0.6051
Epoch [87/500], Validation Loss: 0.0107, Validation L1: 0.5740, Smoothed Validation Loss: 5.0800
Epoch [88/500], Train Loss: 0.0130, Train L1 Loss: 0.6286
Epoch [88/500], Validation Loss: 0.0124, Validation L1: 0.5791, Smoothed Validation Loss: 4.5732
Epoch [89/500], Train Loss: 0.0137, Train L1 Loss: 0.6341
Epoch [89/500], Validation Loss: 0.0113, Validation L1: 0.5728, Smoothed Validation Loss: 4.1170
Epoch [90/500], Train Loss: 0.0148, Train L1 Loss: 0.6487
Epoch [90/500], Validation Loss: 0.0100, Validation L1: 0.5482, Smoothed Validation Loss: 3.7063
Epoch [91/500], Train Loss: 0.0141, Train L1 Loss: 0.6429
Epoch [91/500], Validation Loss: 0.0113, Validation L1: 0.5880, Smoothed Validation Loss: 3.3368
Epoch [92/500], Train Loss: 0.0125, Train L1 Loss: 0.6158
Epoch [92/500], Validation Loss: 0.0113, Validation L1: 0.5513, Smoothed Validation Loss: 3.0043
Epoch [93/500], Train Loss: 0.0178, Train L1 Loss: 0.6914
Epoch [93/500], Validation Loss: 0.0112, Validation L1: 0.5743, Smoothed Validation Loss: 2.7050
Epoch [94/500], Train Loss: 0.0144, Train L1 Loss: 0.6359
Epoch [94/500], Validation Loss: 0.0111, Validation L1: 0.5704, Smoothed Validation Loss: 2.4356
Epoch [95/500], Train Loss: 0.0123, Train L1 Loss: 0.6006
Epoch [95/500], Validation Loss: 0.0100, Validation L1: 0.5397, Smoothed Validation Loss: 2.1930
Epoch [96/500], Train Loss: 0.0150, Train L1 Loss: 0.6552
Epoch [96/500], Validation Loss: 0.0179, Validation L1: 0.7084, Smoothed Validation Loss: 1.9755
Epoch [97/500], Train Loss: 0.0152, Train L1 Loss: 0.6374
Epoch [97/500], Validation Loss: 0.0093, Validation L1: 0.5262, Smoothed Validation Loss: 1.7789
Epoch [98/500], Train Loss: 0.0107, Train L1 Loss: 0.5822
Epoch [98/500], Validation Loss: 0.0093, Validation L1: 0.5301, Smoothed Validation Loss: 1.6019
Epoch [99/500], Train Loss: 0.0136, Train L1 Loss: 0.6242
Epoch [99/500], Validation Loss: 0.0120, Validation L1: 0.5915, Smoothed Validation Loss: 1.4429
Epoch [100/500], Train Loss: 0.0139, Train L1 Loss: 0.6354
Epoch [100/500], Validation Loss: 0.0110, Validation L1: 0.5632, Smoothed Validation Loss: 1.2997
Epoch [101/500], Train Loss: 0.0156, Train L1 Loss: 0.6341
Epoch [101/500], Validation Loss: 0.0102, Validation L1: 0.5371, Smoothed Validation Loss: 1.1708
Epoch [102/500], Train Loss: 0.0139, Train L1 Loss: 0.6144
Epoch [102/500], Validation Loss: 0.0094, Validation L1: 0.5267, Smoothed Validation Loss: 1.0546
Epoch [103/500], Train Loss: 0.0094, Train L1 Loss: 0.5524
Epoch [103/500], Validation Loss: 0.0099, Validation L1: 0.5442, Smoothed Validation Loss: 0.9502
Epoch [104/500], Train Loss: 0.0119, Train L1 Loss: 0.5890
Epoch [104/500], Validation Loss: 0.0102, Validation L1: 0.5452, Smoothed Validation Loss: 0.8562
Epoch [105/500], Train Loss: 0.0097, Train L1 Loss: 0.5543
Epoch [105/500], Validation Loss: 0.0093, Validation L1: 0.5129, Smoothed Validation Loss: 0.7715
Epoch [106/500], Train Loss: 0.0126, Train L1 Loss: 0.5973
Epoch [106/500], Validation Loss: 0.0108, Validation L1: 0.5857, Smoothed Validation Loss: 0.6954
Epoch [107/500], Train Loss: 0.0114, Train L1 Loss: 0.5908
Epoch [107/500], Validation Loss: 0.0127, Validation L1: 0.6204, Smoothed Validation Loss: 0.6272
Epoch [108/500], Train Loss: 0.0099, Train L1 Loss: 0.5589
Epoch [108/500], Validation Loss: 0.0100, Validation L1: 0.5623, Smoothed Validation Loss: 0.5654
Epoch [109/500], Train Loss: 0.0113, Train L1 Loss: 0.5809
Epoch [109/500], Validation Loss: 0.0126, Validation L1: 0.5875, Smoothed Validation Loss: 0.5102
Epoch [110/500], Train Loss: 0.0198, Train L1 Loss: 0.7114
Epoch [110/500], Validation Loss: 0.0258, Validation L1: 0.8635, Smoothed Validation Loss: 0.4617
Epoch [111/500], Train Loss: 0.0168, Train L1 Loss: 0.6664
Epoch [111/500], Validation Loss: 0.0103, Validation L1: 0.5324, Smoothed Validation Loss: 0.4166
Epoch [112/500], Train Loss: 0.0122, Train L1 Loss: 0.5675
Epoch [112/500], Validation Loss: 0.0094, Validation L1: 0.5263, Smoothed Validation Loss: 0.3759
Epoch [113/500], Train Loss: 0.0113, Train L1 Loss: 0.5608
Epoch [113/500], Validation Loss: 0.0101, Validation L1: 0.5670, Smoothed Validation Loss: 0.3393
Epoch [114/500], Train Loss: 0.0120, Train L1 Loss: 0.5814
Epoch [114/500], Validation Loss: 0.0102, Validation L1: 0.5533, Smoothed Validation Loss: 0.3064
Epoch [115/500], Train Loss: 0.0113, Train L1 Loss: 0.5740
Epoch [115/500], Validation Loss: 0.0094, Validation L1: 0.5298, Smoothed Validation Loss: 0.2767
Epoch [116/500], Train Loss: 0.0112, Train L1 Loss: 0.5732
Epoch [116/500], Validation Loss: 0.0107, Validation L1: 0.5561, Smoothed Validation Loss: 0.2501
Epoch [117/500], Train Loss: 0.0099, Train L1 Loss: 0.5569
Epoch [117/500], Validation Loss: 0.0093, Validation L1: 0.5039, Smoothed Validation Loss: 0.2260
Epoch [118/500], Train Loss: 0.0095, Train L1 Loss: 0.5469
Epoch [118/500], Validation Loss: 0.0093, Validation L1: 0.5103, Smoothed Validation Loss: 0.2043
Epoch [119/500], Train Loss: 0.0101, Train L1 Loss: 0.5574
Epoch [119/500], Validation Loss: 0.0095, Validation L1: 0.5173, Smoothed Validation Loss: 0.1849
Epoch [120/500], Train Loss: 0.0120, Train L1 Loss: 0.5688
Epoch [120/500], Validation Loss: 0.0125, Validation L1: 0.6016, Smoothed Validation Loss: 0.1676
Epoch [121/500], Train Loss: 0.0121, Train L1 Loss: 0.5956
Epoch [121/500], Validation Loss: 0.0123, Validation L1: 0.6000, Smoothed Validation Loss: 0.1521
Epoch [122/500], Train Loss: 0.0117, Train L1 Loss: 0.5958
Epoch [122/500], Validation Loss: 0.0142, Validation L1: 0.6189, Smoothed Validation Loss: 0.1383
Epoch [123/500], Train Loss: 0.0139, Train L1 Loss: 0.6050
Epoch [123/500], Validation Loss: 0.0095, Validation L1: 0.5196, Smoothed Validation Loss: 0.1254
Epoch [124/500], Train Loss: 0.0095, Train L1 Loss: 0.5467
Epoch [124/500], Validation Loss: 0.0095, Validation L1: 0.5280, Smoothed Validation Loss: 0.1138
Epoch [125/500], Train Loss: 0.0121, Train L1 Loss: 0.5896
Epoch [125/500], Validation Loss: 0.0099, Validation L1: 0.5498, Smoothed Validation Loss: 0.1034
Epoch [126/500], Train Loss: 0.0092, Train L1 Loss: 0.5426
Epoch [126/500], Validation Loss: 0.0082, Validation L1: 0.4974, Smoothed Validation Loss: 0.0939
Epoch [127/500], Train Loss: 0.0109, Train L1 Loss: 0.5676
Epoch [127/500], Validation Loss: 0.0091, Validation L1: 0.5473, Smoothed Validation Loss: 0.0854
Epoch [128/500], Train Loss: 0.0125, Train L1 Loss: 0.5966
Epoch [128/500], Validation Loss: 0.0094, Validation L1: 0.5312, Smoothed Validation Loss: 0.0778
Epoch [129/500], Train Loss: 0.0169, Train L1 Loss: 0.6710
Epoch [129/500], Validation Loss: 0.0258, Validation L1: 0.8773, Smoothed Validation Loss: 0.0726
Epoch [130/500], Train Loss: 0.0210, Train L1 Loss: 0.7644
Epoch [130/500], Validation Loss: 0.0128, Validation L1: 0.6315, Smoothed Validation Loss: 0.0666
Epoch [131/500], Train Loss: 0.0139, Train L1 Loss: 0.6128
Epoch [131/500], Validation Loss: 0.0089, Validation L1: 0.5163, Smoothed Validation Loss: 0.0609
Epoch [132/500], Train Loss: 0.0114, Train L1 Loss: 0.5692
Epoch [132/500], Validation Loss: 0.0096, Validation L1: 0.5118, Smoothed Validation Loss: 0.0557
Epoch [133/500], Train Loss: 0.0113, Train L1 Loss: 0.5770
Epoch [133/500], Validation Loss: 0.0088, Validation L1: 0.5064, Smoothed Validation Loss: 0.0510
Epoch [134/500], Train Loss: 0.0123, Train L1 Loss: 0.6016
Epoch [134/500], Validation Loss: 0.0101, Validation L1: 0.5678, Smoothed Validation Loss: 0.0469
Epoch [135/500], Train Loss: 0.0124, Train L1 Loss: 0.5923
Epoch [135/500], Validation Loss: 0.0094, Validation L1: 0.5316, Smoothed Validation Loss: 0.0432
Epoch [136/500], Train Loss: 0.0144, Train L1 Loss: 0.6359
Epoch [136/500], Validation Loss: 0.0142, Validation L1: 0.6316, Smoothed Validation Loss: 0.0403
Epoch [137/500], Train Loss: 0.0123, Train L1 Loss: 0.5732
Epoch [137/500], Validation Loss: 0.0079, Validation L1: 0.4852, Smoothed Validation Loss: 0.0371
Epoch [138/500], Train Loss: 0.0100, Train L1 Loss: 0.5351
Epoch [138/500], Validation Loss: 0.0082, Validation L1: 0.4840, Smoothed Validation Loss: 0.0342
Epoch [139/500], Train Loss: 0.0113, Train L1 Loss: 0.5747
Epoch [139/500], Validation Loss: 0.0096, Validation L1: 0.5181, Smoothed Validation Loss: 0.0317
Epoch [140/500], Train Loss: 0.0102, Train L1 Loss: 0.5551
Epoch [140/500], Validation Loss: 0.0086, Validation L1: 0.4979, Smoothed Validation Loss: 0.0294
Epoch [141/500], Train Loss: 0.0089, Train L1 Loss: 0.5373
Epoch [141/500], Validation Loss: 0.0087, Validation L1: 0.5093, Smoothed Validation Loss: 0.0273
Epoch [142/500], Train Loss: 0.0128, Train L1 Loss: 0.6052
Epoch [142/500], Validation Loss: 0.0107, Validation L1: 0.5441, Smoothed Validation Loss: 0.0257
Epoch [143/500], Train Loss: 0.0114, Train L1 Loss: 0.5473
Epoch [143/500], Validation Loss: 0.0084, Validation L1: 0.4931, Smoothed Validation Loss: 0.0239
Epoch [144/500], Train Loss: 0.0106, Train L1 Loss: 0.5390
Epoch [144/500], Validation Loss: 0.0089, Validation L1: 0.4983, Smoothed Validation Loss: 0.0224
Epoch [145/500], Train Loss: 0.0102, Train L1 Loss: 0.5468
Epoch [145/500], Validation Loss: 0.0080, Validation L1: 0.4905, Smoothed Validation Loss: 0.0210
Epoch [146/500], Train Loss: 0.0096, Train L1 Loss: 0.5427
Epoch [146/500], Validation Loss: 0.0082, Validation L1: 0.5006, Smoothed Validation Loss: 0.0197
Epoch [147/500], Train Loss: 0.0087, Train L1 Loss: 0.5301
Epoch [147/500], Validation Loss: 0.0099, Validation L1: 0.5174, Smoothed Validation Loss: 0.0187
Epoch [148/500], Train Loss: 0.0112, Train L1 Loss: 0.5692
Epoch [148/500], Validation Loss: 0.0098, Validation L1: 0.5279, Smoothed Validation Loss: 0.0178
Epoch [149/500], Train Loss: 0.0111, Train L1 Loss: 0.5453
Epoch [149/500], Validation Loss: 0.0080, Validation L1: 0.4883, Smoothed Validation Loss: 0.0168
Epoch [150/500], Train Loss: 0.0099, Train L1 Loss: 0.5414
Epoch [150/500], Validation Loss: 0.0083, Validation L1: 0.4812, Smoothed Validation Loss: 0.0160
Epoch [151/500], Train Loss: 0.0111, Train L1 Loss: 0.5526
Epoch [151/500], Validation Loss: 0.0081, Validation L1: 0.4954, Smoothed Validation Loss: 0.0152
Epoch [152/500], Train Loss: 0.0128, Train L1 Loss: 0.5742
Epoch [152/500], Validation Loss: 0.0079, Validation L1: 0.4712, Smoothed Validation Loss: 0.0145
Epoch [153/500], Train Loss: 0.0109, Train L1 Loss: 0.5622
Epoch [153/500], Validation Loss: 0.0089, Validation L1: 0.5207, Smoothed Validation Loss: 0.0139
Epoch [154/500], Train Loss: 0.0189, Train L1 Loss: 0.6909
Epoch [154/500], Validation Loss: 0.0264, Validation L1: 0.8965, Smoothed Validation Loss: 0.0152
Epoch [155/500], Train Loss: 0.0210, Train L1 Loss: 0.7884
Epoch [155/500], Validation Loss: 0.0116, Validation L1: 0.6013, Smoothed Validation Loss: 0.0148
Epoch [156/500], Train Loss: 0.0148, Train L1 Loss: 0.6541
Epoch [156/500], Validation Loss: 0.0142, Validation L1: 0.6301, Smoothed Validation Loss: 0.0147
Epoch [157/500], Train Loss: 0.0128, Train L1 Loss: 0.5706
Epoch [157/500], Validation Loss: 0.0088, Validation L1: 0.4949, Smoothed Validation Loss: 0.0141
Epoch [158/500], Train Loss: 0.0105, Train L1 Loss: 0.5370
Epoch [158/500], Validation Loss: 0.0080, Validation L1: 0.4970, Smoothed Validation Loss: 0.0135
Epoch [159/500], Train Loss: 0.0147, Train L1 Loss: 0.6346
Epoch [159/500], Validation Loss: 0.0162, Validation L1: 0.6886, Smoothed Validation Loss: 0.0138
Epoch [160/500], Train Loss: 0.0160, Train L1 Loss: 0.6778
Epoch [160/500], Validation Loss: 0.0213, Validation L1: 0.7941, Smoothed Validation Loss: 0.0145
Epoch [161/500], Train Loss: 0.0140, Train L1 Loss: 0.6235
Epoch [161/500], Validation Loss: 0.0094, Validation L1: 0.5470, Smoothed Validation Loss: 0.0140
Epoch [162/500], Train Loss: 0.0099, Train L1 Loss: 0.5506
Epoch [162/500], Validation Loss: 0.0092, Validation L1: 0.5290, Smoothed Validation Loss: 0.0136
Epoch [163/500], Train Loss: 0.0105, Train L1 Loss: 0.5465
Epoch [163/500], Validation Loss: 0.0090, Validation L1: 0.5257, Smoothed Validation Loss: 0.0131
Epoch [164/500], Train Loss: 0.0088, Train L1 Loss: 0.5278
Epoch [164/500], Validation Loss: 0.0082, Validation L1: 0.5025, Smoothed Validation Loss: 0.0126
Epoch [165/500], Train Loss: 0.0116, Train L1 Loss: 0.5714
Epoch [165/500], Validation Loss: 0.0096, Validation L1: 0.5614, Smoothed Validation Loss: 0.0123
Epoch [166/500], Train Loss: 0.0075, Train L1 Loss: 0.5004
Epoch [166/500], Validation Loss: 0.0078, Validation L1: 0.4679, Smoothed Validation Loss: 0.0119
Epoch [167/500], Train Loss: 0.0084, Train L1 Loss: 0.5203
Epoch [167/500], Validation Loss: 0.0083, Validation L1: 0.4782, Smoothed Validation Loss: 0.0115
Epoch [168/500], Train Loss: 0.0097, Train L1 Loss: 0.5384
Epoch [168/500], Validation Loss: 0.0085, Validation L1: 0.4983, Smoothed Validation Loss: 0.0112
Epoch [169/500], Train Loss: 0.0103, Train L1 Loss: 0.5306
Epoch [169/500], Validation Loss: 0.0081, Validation L1: 0.5071, Smoothed Validation Loss: 0.0109
Epoch [170/500], Train Loss: 0.0089, Train L1 Loss: 0.5291
Epoch [170/500], Validation Loss: 0.0089, Validation L1: 0.4909, Smoothed Validation Loss: 0.0107
Epoch [171/500], Train Loss: 0.0080, Train L1 Loss: 0.5083
Epoch [171/500], Validation Loss: 0.0073, Validation L1: 0.4684, Smoothed Validation Loss: 0.0104
Epoch [172/500], Train Loss: 0.0084, Train L1 Loss: 0.5110
Epoch [172/500], Validation Loss: 0.0086, Validation L1: 0.4872, Smoothed Validation Loss: 0.0102
Epoch [173/500], Train Loss: 0.0108, Train L1 Loss: 0.5382
Epoch [173/500], Validation Loss: 0.0089, Validation L1: 0.5339, Smoothed Validation Loss: 0.0101
Epoch [174/500], Train Loss: 0.0096, Train L1 Loss: 0.5416
Epoch [174/500], Validation Loss: 0.0098, Validation L1: 0.5499, Smoothed Validation Loss: 0.0100
Epoch [175/500], Train Loss: 0.0120, Train L1 Loss: 0.5467
Epoch [175/500], Validation Loss: 0.0080, Validation L1: 0.4726, Smoothed Validation Loss: 0.0098
Epoch [176/500], Train Loss: 0.0103, Train L1 Loss: 0.5452
Epoch [176/500], Validation Loss: 0.0079, Validation L1: 0.4860, Smoothed Validation Loss: 0.0096
Epoch [177/500], Train Loss: 0.0095, Train L1 Loss: 0.5324
Epoch [177/500], Validation Loss: 0.0088, Validation L1: 0.5129, Smoothed Validation Loss: 0.0096
Epoch [178/500], Train Loss: 0.0103, Train L1 Loss: 0.5190
Epoch [178/500], Validation Loss: 0.0077, Validation L1: 0.4903, Smoothed Validation Loss: 0.0094
Epoch [179/500], Train Loss: 0.0114, Train L1 Loss: 0.5660
Epoch [179/500], Validation Loss: 0.0104, Validation L1: 0.5613, Smoothed Validation Loss: 0.0095
Epoch [180/500], Train Loss: 0.0097, Train L1 Loss: 0.5472
Epoch [180/500], Validation Loss: 0.0084, Validation L1: 0.4984, Smoothed Validation Loss: 0.0094
Epoch [181/500], Train Loss: 0.0079, Train L1 Loss: 0.5051
Epoch [181/500], Validation Loss: 0.0072, Validation L1: 0.4666, Smoothed Validation Loss: 0.0092
Epoch [182/500], Train Loss: 0.0142, Train L1 Loss: 0.6048
Epoch [182/500], Validation Loss: 0.0187, Validation L1: 0.7270, Smoothed Validation Loss: 0.0101
Epoch [183/500], Train Loss: 0.0135, Train L1 Loss: 0.5940
Epoch [183/500], Validation Loss: 0.0092, Validation L1: 0.5567, Smoothed Validation Loss: 0.0100
Epoch [184/500], Train Loss: 0.0099, Train L1 Loss: 0.5227
Epoch [184/500], Validation Loss: 0.0079, Validation L1: 0.5020, Smoothed Validation Loss: 0.0098
Epoch [185/500], Train Loss: 0.0098, Train L1 Loss: 0.5276
Epoch [185/500], Validation Loss: 0.0080, Validation L1: 0.4995, Smoothed Validation Loss: 0.0096
Epoch [186/500], Train Loss: 0.0087, Train L1 Loss: 0.5230
Epoch [186/500], Validation Loss: 0.0088, Validation L1: 0.4892, Smoothed Validation Loss: 0.0095
Epoch [187/500], Train Loss: 0.0109, Train L1 Loss: 0.5542
Epoch [187/500], Validation Loss: 0.0092, Validation L1: 0.5292, Smoothed Validation Loss: 0.0095
Epoch 00189: reducing learning rate of group 0 to 2.5000e-04.
Epoch [188/500], Train Loss: 0.0077, Train L1 Loss: 0.4898
Epoch [188/500], Validation Loss: 0.0082, Validation L1: 0.4817, Smoothed Validation Loss: 0.0094
Epoch [189/500], Train Loss: 0.0124, Train L1 Loss: 0.5335
Epoch [189/500], Validation Loss: 0.0117, Validation L1: 0.5819, Smoothed Validation Loss: 0.0096
Epoch [190/500], Train Loss: 0.0096, Train L1 Loss: 0.4940
Epoch [190/500], Validation Loss: 0.0071, Validation L1: 0.4564, Smoothed Validation Loss: 0.0093
Epoch [191/500], Train Loss: 0.0071, Train L1 Loss: 0.4500
Epoch [191/500], Validation Loss: 0.0067, Validation L1: 0.4453, Smoothed Validation Loss: 0.0091
Epoch [192/500], Train Loss: 0.0063, Train L1 Loss: 0.4496
Epoch [192/500], Validation Loss: 0.0069, Validation L1: 0.4402, Smoothed Validation Loss: 0.0089
Epoch [193/500], Train Loss: 0.0068, Train L1 Loss: 0.4584
Epoch [193/500], Validation Loss: 0.0068, Validation L1: 0.4443, Smoothed Validation Loss: 0.0087
Epoch [194/500], Train Loss: 0.0073, Train L1 Loss: 0.4594
Epoch [194/500], Validation Loss: 0.0073, Validation L1: 0.4548, Smoothed Validation Loss: 0.0085
Epoch [195/500], Train Loss: 0.0062, Train L1 Loss: 0.4459
Epoch [195/500], Validation Loss: 0.0071, Validation L1: 0.4402, Smoothed Validation Loss: 0.0084
Epoch [196/500], Train Loss: 0.0057, Train L1 Loss: 0.4351
Epoch [196/500], Validation Loss: 0.0061, Validation L1: 0.4248, Smoothed Validation Loss: 0.0082
Epoch [197/500], Train Loss: 0.0056, Train L1 Loss: 0.4342
Epoch [197/500], Validation Loss: 0.0065, Validation L1: 0.4274, Smoothed Validation Loss: 0.0080
Epoch [198/500], Train Loss: 0.0061, Train L1 Loss: 0.4498
Epoch [198/500], Validation Loss: 0.0071, Validation L1: 0.4409, Smoothed Validation Loss: 0.0079
Epoch [199/500], Train Loss: 0.0071, Train L1 Loss: 0.4630
Epoch [199/500], Validation Loss: 0.0067, Validation L1: 0.4438, Smoothed Validation Loss: 0.0078
Epoch [200/500], Train Loss: 0.0074, Train L1 Loss: 0.4545
Epoch [200/500], Validation Loss: 0.0069, Validation L1: 0.4544, Smoothed Validation Loss: 0.0077
Epoch [201/500], Train Loss: 0.0059, Train L1 Loss: 0.4360
Epoch [201/500], Validation Loss: 0.0068, Validation L1: 0.4282, Smoothed Validation Loss: 0.0076
Epoch [202/500], Train Loss: 0.0054, Train L1 Loss: 0.4257
Epoch [202/500], Validation Loss: 0.0064, Validation L1: 0.4286, Smoothed Validation Loss: 0.0075
Epoch [203/500], Train Loss: 0.0070, Train L1 Loss: 0.4575
Epoch [203/500], Validation Loss: 0.0068, Validation L1: 0.4453, Smoothed Validation Loss: 0.0074
Epoch [204/500], Train Loss: 0.0070, Train L1 Loss: 0.4443
Epoch [204/500], Validation Loss: 0.0064, Validation L1: 0.4339, Smoothed Validation Loss: 0.0073
Epoch [205/500], Train Loss: 0.0061, Train L1 Loss: 0.4397
Epoch [205/500], Validation Loss: 0.0077, Validation L1: 0.4649, Smoothed Validation Loss: 0.0074
Epoch [206/500], Train Loss: 0.0058, Train L1 Loss: 0.4322
Epoch [206/500], Validation Loss: 0.0062, Validation L1: 0.4230, Smoothed Validation Loss: 0.0072
Epoch [207/500], Train Loss: 0.0065, Train L1 Loss: 0.4439
Epoch [207/500], Validation Loss: 0.0068, Validation L1: 0.4320, Smoothed Validation Loss: 0.0072
Epoch [208/500], Train Loss: 0.0076, Train L1 Loss: 0.4527
Epoch [208/500], Validation Loss: 0.0071, Validation L1: 0.4719, Smoothed Validation Loss: 0.0072
Epoch [209/500], Train Loss: 0.0059, Train L1 Loss: 0.4334
Epoch [209/500], Validation Loss: 0.0067, Validation L1: 0.4293, Smoothed Validation Loss: 0.0071
Epoch [210/500], Train Loss: 0.0062, Train L1 Loss: 0.4395
Epoch [210/500], Validation Loss: 0.0064, Validation L1: 0.4241, Smoothed Validation Loss: 0.0071
Epoch [211/500], Train Loss: 0.0071, Train L1 Loss: 0.4474
Epoch [211/500], Validation Loss: 0.0068, Validation L1: 0.4432, Smoothed Validation Loss: 0.0070
Epoch [212/500], Train Loss: 0.0053, Train L1 Loss: 0.4230
Epoch [212/500], Validation Loss: 0.0069, Validation L1: 0.4242, Smoothed Validation Loss: 0.0070
Epoch [213/500], Train Loss: 0.0057, Train L1 Loss: 0.4280
Epoch [213/500], Validation Loss: 0.0063, Validation L1: 0.4236, Smoothed Validation Loss: 0.0070
Epoch [214/500], Train Loss: 0.0060, Train L1 Loss: 0.4382
Epoch [214/500], Validation Loss: 0.0073, Validation L1: 0.4420, Smoothed Validation Loss: 0.0070
Epoch [215/500], Train Loss: 0.0064, Train L1 Loss: 0.4453
Epoch [215/500], Validation Loss: 0.0063, Validation L1: 0.4193, Smoothed Validation Loss: 0.0069
Epoch [216/500], Train Loss: 0.0065, Train L1 Loss: 0.4375
Epoch [216/500], Validation Loss: 0.0066, Validation L1: 0.4276, Smoothed Validation Loss: 0.0069
Epoch [217/500], Train Loss: 0.0052, Train L1 Loss: 0.4205
Epoch [217/500], Validation Loss: 0.0066, Validation L1: 0.4264, Smoothed Validation Loss: 0.0069
Epoch [218/500], Train Loss: 0.0060, Train L1 Loss: 0.4334
Epoch [218/500], Validation Loss: 0.0067, Validation L1: 0.4229, Smoothed Validation Loss: 0.0068
Epoch [219/500], Train Loss: 0.0068, Train L1 Loss: 0.4412
Epoch [219/500], Validation Loss: 0.0067, Validation L1: 0.4255, Smoothed Validation Loss: 0.0068
Epoch [220/500], Train Loss: 0.0050, Train L1 Loss: 0.4158
Epoch [220/500], Validation Loss: 0.0069, Validation L1: 0.4261, Smoothed Validation Loss: 0.0068
Epoch [221/500], Train Loss: 0.0055, Train L1 Loss: 0.4254
Epoch [221/500], Validation Loss: 0.0064, Validation L1: 0.4263, Smoothed Validation Loss: 0.0068
Epoch [222/500], Train Loss: 0.0055, Train L1 Loss: 0.4288
Epoch [222/500], Validation Loss: 0.0074, Validation L1: 0.4527, Smoothed Validation Loss: 0.0068
Epoch [223/500], Train Loss: 0.0070, Train L1 Loss: 0.4528
Epoch [223/500], Validation Loss: 0.0071, Validation L1: 0.4408, Smoothed Validation Loss: 0.0069
Epoch [224/500], Train Loss: 0.0070, Train L1 Loss: 0.4404
Epoch [224/500], Validation Loss: 0.0063, Validation L1: 0.4125, Smoothed Validation Loss: 0.0068
Epoch [225/500], Train Loss: 0.0059, Train L1 Loss: 0.4342
Epoch [225/500], Validation Loss: 0.0079, Validation L1: 0.4636, Smoothed Validation Loss: 0.0069
Epoch [226/500], Train Loss: 0.0055, Train L1 Loss: 0.4216
Epoch [226/500], Validation Loss: 0.0062, Validation L1: 0.4179, Smoothed Validation Loss: 0.0068
Epoch [227/500], Train Loss: 0.0053, Train L1 Loss: 0.4198
Epoch [227/500], Validation Loss: 0.0067, Validation L1: 0.4278, Smoothed Validation Loss: 0.0068
Epoch 00229: reducing learning rate of group 0 to 1.2500e-04.
Epoch [228/500], Train Loss: 0.0054, Train L1 Loss: 0.4044
Epoch [228/500], Validation Loss: 0.0062, Validation L1: 0.4088, Smoothed Validation Loss: 0.0068
Epoch [229/500], Train Loss: 0.0053, Train L1 Loss: 0.3954
Epoch [229/500], Validation Loss: 0.0058, Validation L1: 0.4004, Smoothed Validation Loss: 0.0067
Epoch [230/500], Train Loss: 0.0042, Train L1 Loss: 0.3782
Epoch [230/500], Validation Loss: 0.0061, Validation L1: 0.4125, Smoothed Validation Loss: 0.0066
Epoch [231/500], Train Loss: 0.0043, Train L1 Loss: 0.3829
Epoch [231/500], Validation Loss: 0.0060, Validation L1: 0.4164, Smoothed Validation Loss: 0.0066
Epoch [232/500], Train Loss: 0.0046, Train L1 Loss: 0.3882
Epoch [232/500], Validation Loss: 0.0067, Validation L1: 0.4212, Smoothed Validation Loss: 0.0066
Epoch [233/500], Train Loss: 0.0047, Train L1 Loss: 0.3889
Epoch [233/500], Validation Loss: 0.0059, Validation L1: 0.4088, Smoothed Validation Loss: 0.0065
Epoch [234/500], Train Loss: 0.0047, Train L1 Loss: 0.3870
Epoch [234/500], Validation Loss: 0.0065, Validation L1: 0.4214, Smoothed Validation Loss: 0.0065
Epoch [235/500], Train Loss: 0.0041, Train L1 Loss: 0.3762
Epoch [235/500], Validation Loss: 0.0060, Validation L1: 0.4180, Smoothed Validation Loss: 0.0065
Epoch [236/500], Train Loss: 0.0043, Train L1 Loss: 0.3803
Epoch [236/500], Validation Loss: 0.0065, Validation L1: 0.4174, Smoothed Validation Loss: 0.0065
Epoch [237/500], Train Loss: 0.0045, Train L1 Loss: 0.3844
Epoch [237/500], Validation Loss: 0.0060, Validation L1: 0.4138, Smoothed Validation Loss: 0.0064
Epoch [238/500], Train Loss: 0.0045, Train L1 Loss: 0.3841
Epoch [238/500], Validation Loss: 0.0066, Validation L1: 0.4211, Smoothed Validation Loss: 0.0064
Epoch [239/500], Train Loss: 0.0043, Train L1 Loss: 0.3793
Epoch [239/500], Validation Loss: 0.0060, Validation L1: 0.4161, Smoothed Validation Loss: 0.0064
Epoch [240/500], Train Loss: 0.0044, Train L1 Loss: 0.3829
Epoch [240/500], Validation Loss: 0.0064, Validation L1: 0.4097, Smoothed Validation Loss: 0.0064
Epoch [241/500], Train Loss: 0.0043, Train L1 Loss: 0.3805
Epoch [241/500], Validation Loss: 0.0060, Validation L1: 0.4097, Smoothed Validation Loss: 0.0063
Epoch [242/500], Train Loss: 0.0044, Train L1 Loss: 0.3815
Epoch [242/500], Validation Loss: 0.0067, Validation L1: 0.4287, Smoothed Validation Loss: 0.0064
Epoch [243/500], Train Loss: 0.0044, Train L1 Loss: 0.3815
Epoch [243/500], Validation Loss: 0.0060, Validation L1: 0.4163, Smoothed Validation Loss: 0.0063
Epoch [244/500], Train Loss: 0.0044, Train L1 Loss: 0.3819
Epoch [244/500], Validation Loss: 0.0064, Validation L1: 0.4065, Smoothed Validation Loss: 0.0063
Epoch [245/500], Train Loss: 0.0043, Train L1 Loss: 0.3781
Epoch [245/500], Validation Loss: 0.0060, Validation L1: 0.4112, Smoothed Validation Loss: 0.0063
Epoch [246/500], Train Loss: 0.0044, Train L1 Loss: 0.3800
Epoch [246/500], Validation Loss: 0.0066, Validation L1: 0.4271, Smoothed Validation Loss: 0.0063
Epoch [247/500], Train Loss: 0.0043, Train L1 Loss: 0.3789
Epoch [247/500], Validation Loss: 0.0060, Validation L1: 0.4203, Smoothed Validation Loss: 0.0063
Epoch [248/500], Train Loss: 0.0044, Train L1 Loss: 0.3798
Epoch [248/500], Validation Loss: 0.0064, Validation L1: 0.4054, Smoothed Validation Loss: 0.0063
Epoch [249/500], Train Loss: 0.0042, Train L1 Loss: 0.3771
Epoch [249/500], Validation Loss: 0.0060, Validation L1: 0.4112, Smoothed Validation Loss: 0.0063
Epoch [250/500], Train Loss: 0.0043, Train L1 Loss: 0.3789
Epoch [250/500], Validation Loss: 0.0067, Validation L1: 0.4296, Smoothed Validation Loss: 0.0063
Epoch [251/500], Train Loss: 0.0043, Train L1 Loss: 0.3790
Epoch [251/500], Validation Loss: 0.0060, Validation L1: 0.4213, Smoothed Validation Loss: 0.0063
Epoch [252/500], Train Loss: 0.0044, Train L1 Loss: 0.3795
Epoch [252/500], Validation Loss: 0.0064, Validation L1: 0.4056, Smoothed Validation Loss: 0.0063
Epoch [253/500], Train Loss: 0.0042, Train L1 Loss: 0.3749
Epoch [253/500], Validation Loss: 0.0061, Validation L1: 0.4139, Smoothed Validation Loss: 0.0063
Epoch [254/500], Train Loss: 0.0042, Train L1 Loss: 0.3762
Epoch [254/500], Validation Loss: 0.0065, Validation L1: 0.4260, Smoothed Validation Loss: 0.0063
Epoch [255/500], Train Loss: 0.0042, Train L1 Loss: 0.3766
Epoch [255/500], Validation Loss: 0.0060, Validation L1: 0.4237, Smoothed Validation Loss: 0.0063
Epoch [256/500], Train Loss: 0.0043, Train L1 Loss: 0.3765
Epoch [256/500], Validation Loss: 0.0066, Validation L1: 0.4179, Smoothed Validation Loss: 0.0063
Epoch [257/500], Train Loss: 0.0042, Train L1 Loss: 0.3753
Epoch [257/500], Validation Loss: 0.0061, Validation L1: 0.4179, Smoothed Validation Loss: 0.0063
Epoch [258/500], Train Loss: 0.0042, Train L1 Loss: 0.3756
Epoch [258/500], Validation Loss: 0.0065, Validation L1: 0.4208, Smoothed Validation Loss: 0.0063
Epoch [259/500], Train Loss: 0.0041, Train L1 Loss: 0.3736
Epoch [259/500], Validation Loss: 0.0060, Validation L1: 0.4232, Smoothed Validation Loss: 0.0063
Epoch [260/500], Train Loss: 0.0043, Train L1 Loss: 0.3753
Epoch [260/500], Validation Loss: 0.0068, Validation L1: 0.4221, Smoothed Validation Loss: 0.0063
Epoch [261/500], Train Loss: 0.0042, Train L1 Loss: 0.3749
Epoch [261/500], Validation Loss: 0.0060, Validation L1: 0.4136, Smoothed Validation Loss: 0.0063
Epoch [262/500], Train Loss: 0.0043, Train L1 Loss: 0.3750
Epoch [262/500], Validation Loss: 0.0064, Validation L1: 0.4158, Smoothed Validation Loss: 0.0063
Epoch [263/500], Train Loss: 0.0041, Train L1 Loss: 0.3718
Epoch [263/500], Validation Loss: 0.0060, Validation L1: 0.4213, Smoothed Validation Loss: 0.0063
Epoch [264/500], Train Loss: 0.0042, Train L1 Loss: 0.3750
Epoch [264/500], Validation Loss: 0.0069, Validation L1: 0.4262, Smoothed Validation Loss: 0.0063
Epoch [265/500], Train Loss: 0.0043, Train L1 Loss: 0.3783
Epoch [265/500], Validation Loss: 0.0059, Validation L1: 0.4143, Smoothed Validation Loss: 0.0063
Epoch 00267: reducing learning rate of group 0 to 6.2500e-05.
Epoch [266/500], Train Loss: 0.0040, Train L1 Loss: 0.3581
Epoch [266/500], Validation Loss: 0.0056, Validation L1: 0.3774, Smoothed Validation Loss: 0.0062
Epoch [267/500], Train Loss: 0.0034, Train L1 Loss: 0.3467
Epoch [267/500], Validation Loss: 0.0054, Validation L1: 0.3775, Smoothed Validation Loss: 0.0061
Epoch [268/500], Train Loss: 0.0034, Train L1 Loss: 0.3471
Epoch [268/500], Validation Loss: 0.0053, Validation L1: 0.3770, Smoothed Validation Loss: 0.0061
Epoch [269/500], Train Loss: 0.0034, Train L1 Loss: 0.3476
Epoch [269/500], Validation Loss: 0.0054, Validation L1: 0.3768, Smoothed Validation Loss: 0.0060
Epoch [270/500], Train Loss: 0.0034, Train L1 Loss: 0.3477
Epoch [270/500], Validation Loss: 0.0053, Validation L1: 0.3773, Smoothed Validation Loss: 0.0059
Epoch [271/500], Train Loss: 0.0034, Train L1 Loss: 0.3479
Epoch [271/500], Validation Loss: 0.0055, Validation L1: 0.3753, Smoothed Validation Loss: 0.0059
Epoch [272/500], Train Loss: 0.0035, Train L1 Loss: 0.3484
Epoch [272/500], Validation Loss: 0.0053, Validation L1: 0.3777, Smoothed Validation Loss: 0.0058
Epoch [273/500], Train Loss: 0.0035, Train L1 Loss: 0.3478
Epoch [273/500], Validation Loss: 0.0055, Validation L1: 0.3763, Smoothed Validation Loss: 0.0058
Epoch [274/500], Train Loss: 0.0034, Train L1 Loss: 0.3468
Epoch [274/500], Validation Loss: 0.0052, Validation L1: 0.3771, Smoothed Validation Loss: 0.0057
Epoch [275/500], Train Loss: 0.0035, Train L1 Loss: 0.3465
Epoch [275/500], Validation Loss: 0.0055, Validation L1: 0.3761, Smoothed Validation Loss: 0.0057
Epoch [276/500], Train Loss: 0.0034, Train L1 Loss: 0.3461
Epoch [276/500], Validation Loss: 0.0052, Validation L1: 0.3771, Smoothed Validation Loss: 0.0057
Epoch [277/500], Train Loss: 0.0034, Train L1 Loss: 0.3458
Epoch [277/500], Validation Loss: 0.0055, Validation L1: 0.3755, Smoothed Validation Loss: 0.0056
Epoch [278/500], Train Loss: 0.0034, Train L1 Loss: 0.3455
Epoch [278/500], Validation Loss: 0.0052, Validation L1: 0.3772, Smoothed Validation Loss: 0.0056
Epoch [279/500], Train Loss: 0.0034, Train L1 Loss: 0.3452
Epoch [279/500], Validation Loss: 0.0055, Validation L1: 0.3752, Smoothed Validation Loss: 0.0056
Epoch [280/500], Train Loss: 0.0034, Train L1 Loss: 0.3449
Epoch [280/500], Validation Loss: 0.0052, Validation L1: 0.3771, Smoothed Validation Loss: 0.0056
Epoch [281/500], Train Loss: 0.0034, Train L1 Loss: 0.3446
Epoch [281/500], Validation Loss: 0.0055, Validation L1: 0.3753, Smoothed Validation Loss: 0.0055
Epoch [282/500], Train Loss: 0.0034, Train L1 Loss: 0.3444
Epoch [282/500], Validation Loss: 0.0052, Validation L1: 0.3771, Smoothed Validation Loss: 0.0055
Epoch [283/500], Train Loss: 0.0034, Train L1 Loss: 0.3441
Epoch [283/500], Validation Loss: 0.0055, Validation L1: 0.3750, Smoothed Validation Loss: 0.0055
Epoch [284/500], Train Loss: 0.0034, Train L1 Loss: 0.3438
Epoch [284/500], Validation Loss: 0.0052, Validation L1: 0.3773, Smoothed Validation Loss: 0.0055
Epoch [285/500], Train Loss: 0.0034, Train L1 Loss: 0.3436
Epoch [285/500], Validation Loss: 0.0055, Validation L1: 0.3748, Smoothed Validation Loss: 0.0055
Epoch [286/500], Train Loss: 0.0034, Train L1 Loss: 0.3434
Epoch [286/500], Validation Loss: 0.0052, Validation L1: 0.3770, Smoothed Validation Loss: 0.0054
Epoch [287/500], Train Loss: 0.0034, Train L1 Loss: 0.3432
Epoch [287/500], Validation Loss: 0.0055, Validation L1: 0.3745, Smoothed Validation Loss: 0.0054
Epoch [288/500], Train Loss: 0.0034, Train L1 Loss: 0.3429
Epoch [288/500], Validation Loss: 0.0052, Validation L1: 0.3773, Smoothed Validation Loss: 0.0054
Epoch [289/500], Train Loss: 0.0034, Train L1 Loss: 0.3427
Epoch [289/500], Validation Loss: 0.0054, Validation L1: 0.3746, Smoothed Validation Loss: 0.0054
Epoch [290/500], Train Loss: 0.0034, Train L1 Loss: 0.3425
Epoch [290/500], Validation Loss: 0.0052, Validation L1: 0.3773, Smoothed Validation Loss: 0.0054
Epoch [291/500], Train Loss: 0.0034, Train L1 Loss: 0.3423
Epoch [291/500], Validation Loss: 0.0054, Validation L1: 0.3739, Smoothed Validation Loss: 0.0054
Epoch [292/500], Train Loss: 0.0033, Train L1 Loss: 0.3421
Epoch [292/500], Validation Loss: 0.0052, Validation L1: 0.3770, Smoothed Validation Loss: 0.0054
Epoch [293/500], Train Loss: 0.0034, Train L1 Loss: 0.3419
Epoch [293/500], Validation Loss: 0.0054, Validation L1: 0.3747, Smoothed Validation Loss: 0.0054
Epoch [294/500], Train Loss: 0.0033, Train L1 Loss: 0.3416
Epoch [294/500], Validation Loss: 0.0052, Validation L1: 0.3785, Smoothed Validation Loss: 0.0054
Epoch [295/500], Train Loss: 0.0034, Train L1 Loss: 0.3415
Epoch [295/500], Validation Loss: 0.0054, Validation L1: 0.3729, Smoothed Validation Loss: 0.0054
Epoch [296/500], Train Loss: 0.0033, Train L1 Loss: 0.3420
Epoch [296/500], Validation Loss: 0.0051, Validation L1: 0.3729, Smoothed Validation Loss: 0.0053
Epoch [297/500], Train Loss: 0.0034, Train L1 Loss: 0.3410
Epoch [297/500], Validation Loss: 0.0055, Validation L1: 0.3760, Smoothed Validation Loss: 0.0054
Epoch [298/500], Train Loss: 0.0033, Train L1 Loss: 0.3410
Epoch [298/500], Validation Loss: 0.0051, Validation L1: 0.3790, Smoothed Validation Loss: 0.0053
Epoch [299/500], Train Loss: 0.0033, Train L1 Loss: 0.3404
Epoch [299/500], Validation Loss: 0.0053, Validation L1: 0.3723, Smoothed Validation Loss: 0.0053
Epoch [300/500], Train Loss: 0.0034, Train L1 Loss: 0.3419
Epoch [300/500], Validation Loss: 0.0051, Validation L1: 0.3718, Smoothed Validation Loss: 0.0053
Epoch [301/500], Train Loss: 0.0033, Train L1 Loss: 0.3403
Epoch [301/500], Validation Loss: 0.0054, Validation L1: 0.3752, Smoothed Validation Loss: 0.0053
Epoch [302/500], Train Loss: 0.0033, Train L1 Loss: 0.3401
Epoch [302/500], Validation Loss: 0.0051, Validation L1: 0.3788, Smoothed Validation Loss: 0.0053
Epoch [303/500], Train Loss: 0.0033, Train L1 Loss: 0.3398
Epoch [303/500], Validation Loss: 0.0053, Validation L1: 0.3726, Smoothed Validation Loss: 0.0053
Epoch [304/500], Train Loss: 0.0033, Train L1 Loss: 0.3408
Epoch [304/500], Validation Loss: 0.0050, Validation L1: 0.3721, Smoothed Validation Loss: 0.0053
Epoch [305/500], Train Loss: 0.0033, Train L1 Loss: 0.3396
Epoch [305/500], Validation Loss: 0.0054, Validation L1: 0.3741, Smoothed Validation Loss: 0.0053
Epoch [306/500], Train Loss: 0.0033, Train L1 Loss: 0.3396
Epoch [306/500], Validation Loss: 0.0051, Validation L1: 0.3790, Smoothed Validation Loss: 0.0053
Epoch [307/500], Train Loss: 0.0033, Train L1 Loss: 0.3392
Epoch [307/500], Validation Loss: 0.0053, Validation L1: 0.3728, Smoothed Validation Loss: 0.0053
Epoch [308/500], Train Loss: 0.0033, Train L1 Loss: 0.3404
Epoch [308/500], Validation Loss: 0.0050, Validation L1: 0.3709, Smoothed Validation Loss: 0.0052
Epoch [309/500], Train Loss: 0.0033, Train L1 Loss: 0.3389
Epoch [309/500], Validation Loss: 0.0054, Validation L1: 0.3738, Smoothed Validation Loss: 0.0053
Epoch [310/500], Train Loss: 0.0033, Train L1 Loss: 0.3390
Epoch [310/500], Validation Loss: 0.0051, Validation L1: 0.3781, Smoothed Validation Loss: 0.0052
Epoch [311/500], Train Loss: 0.0033, Train L1 Loss: 0.3386
Epoch [311/500], Validation Loss: 0.0053, Validation L1: 0.3726, Smoothed Validation Loss: 0.0052
Epoch [312/500], Train Loss: 0.0033, Train L1 Loss: 0.3398
Epoch [312/500], Validation Loss: 0.0050, Validation L1: 0.3706, Smoothed Validation Loss: 0.0052
Epoch [313/500], Train Loss: 0.0033, Train L1 Loss: 0.3383
Epoch [313/500], Validation Loss: 0.0053, Validation L1: 0.3733, Smoothed Validation Loss: 0.0052
Epoch [314/500], Train Loss: 0.0033, Train L1 Loss: 0.3385
Epoch [314/500], Validation Loss: 0.0051, Validation L1: 0.3775, Smoothed Validation Loss: 0.0052
Epoch [315/500], Train Loss: 0.0033, Train L1 Loss: 0.3380
Epoch [315/500], Validation Loss: 0.0053, Validation L1: 0.3724, Smoothed Validation Loss: 0.0052
Epoch [316/500], Train Loss: 0.0033, Train L1 Loss: 0.3393
Epoch [316/500], Validation Loss: 0.0049, Validation L1: 0.3702, Smoothed Validation Loss: 0.0052
Epoch [317/500], Train Loss: 0.0033, Train L1 Loss: 0.3376
Epoch [317/500], Validation Loss: 0.0053, Validation L1: 0.3730, Smoothed Validation Loss: 0.0052
Epoch [318/500], Train Loss: 0.0033, Train L1 Loss: 0.3380
Epoch [318/500], Validation Loss: 0.0050, Validation L1: 0.3771, Smoothed Validation Loss: 0.0052
Epoch [319/500], Train Loss: 0.0033, Train L1 Loss: 0.3375
Epoch [319/500], Validation Loss: 0.0053, Validation L1: 0.3722, Smoothed Validation Loss: 0.0052
Epoch [320/500], Train Loss: 0.0033, Train L1 Loss: 0.3389
Epoch [320/500], Validation Loss: 0.0049, Validation L1: 0.3699, Smoothed Validation Loss: 0.0052
Epoch [321/500], Train Loss: 0.0033, Train L1 Loss: 0.3371
Epoch [321/500], Validation Loss: 0.0053, Validation L1: 0.3725, Smoothed Validation Loss: 0.0052
Epoch [322/500], Train Loss: 0.0033, Train L1 Loss: 0.3375
Epoch [322/500], Validation Loss: 0.0050, Validation L1: 0.3765, Smoothed Validation Loss: 0.0052
Epoch [323/500], Train Loss: 0.0033, Train L1 Loss: 0.3370
Epoch [323/500], Validation Loss: 0.0052, Validation L1: 0.3720, Smoothed Validation Loss: 0.0052
Epoch [324/500], Train Loss: 0.0033, Train L1 Loss: 0.3386
Epoch [324/500], Validation Loss: 0.0049, Validation L1: 0.3694, Smoothed Validation Loss: 0.0051
Epoch [325/500], Train Loss: 0.0033, Train L1 Loss: 0.3366
Epoch [325/500], Validation Loss: 0.0052, Validation L1: 0.3721, Smoothed Validation Loss: 0.0051
Epoch [326/500], Train Loss: 0.0032, Train L1 Loss: 0.3371
Epoch [326/500], Validation Loss: 0.0050, Validation L1: 0.3757, Smoothed Validation Loss: 0.0051
Epoch [327/500], Train Loss: 0.0033, Train L1 Loss: 0.3367
Epoch [327/500], Validation Loss: 0.0052, Validation L1: 0.3716, Smoothed Validation Loss: 0.0051
Epoch [328/500], Train Loss: 0.0033, Train L1 Loss: 0.3384
Epoch [328/500], Validation Loss: 0.0048, Validation L1: 0.3687, Smoothed Validation Loss: 0.0051
Epoch [329/500], Train Loss: 0.0033, Train L1 Loss: 0.3361
Epoch [329/500], Validation Loss: 0.0052, Validation L1: 0.3719, Smoothed Validation Loss: 0.0051
Epoch [330/500], Train Loss: 0.0032, Train L1 Loss: 0.3368
Epoch [330/500], Validation Loss: 0.0049, Validation L1: 0.3750, Smoothed Validation Loss: 0.0051
Epoch [331/500], Train Loss: 0.0033, Train L1 Loss: 0.3363
Epoch [331/500], Validation Loss: 0.0052, Validation L1: 0.3711, Smoothed Validation Loss: 0.0051
Epoch [332/500], Train Loss: 0.0033, Train L1 Loss: 0.3384
Epoch [332/500], Validation Loss: 0.0048, Validation L1: 0.3676, Smoothed Validation Loss: 0.0051
Epoch [333/500], Train Loss: 0.0033, Train L1 Loss: 0.3358
Epoch [333/500], Validation Loss: 0.0052, Validation L1: 0.3713, Smoothed Validation Loss: 0.0051
Epoch [334/500], Train Loss: 0.0033, Train L1 Loss: 0.3375
Epoch [334/500], Validation Loss: 0.0049, Validation L1: 0.3725, Smoothed Validation Loss: 0.0051
Epoch [335/500], Train Loss: 0.0033, Train L1 Loss: 0.3362
Epoch [335/500], Validation Loss: 0.0052, Validation L1: 0.3703, Smoothed Validation Loss: 0.0051
Epoch [336/500], Train Loss: 0.0033, Train L1 Loss: 0.3388
Epoch [336/500], Validation Loss: 0.0048, Validation L1: 0.3666, Smoothed Validation Loss: 0.0050
Epoch [337/500], Train Loss: 0.0033, Train L1 Loss: 0.3359
Epoch [337/500], Validation Loss: 0.0052, Validation L1: 0.3703, Smoothed Validation Loss: 0.0051
Epoch [338/500], Train Loss: 0.0033, Train L1 Loss: 0.3391
Epoch [338/500], Validation Loss: 0.0048, Validation L1: 0.3689, Smoothed Validation Loss: 0.0050
Epoch [339/500], Train Loss: 0.0033, Train L1 Loss: 0.3362
Epoch [339/500], Validation Loss: 0.0051, Validation L1: 0.3690, Smoothed Validation Loss: 0.0050
Epoch [340/500], Train Loss: 0.0033, Train L1 Loss: 0.3377
Epoch [340/500], Validation Loss: 0.0048, Validation L1: 0.3669, Smoothed Validation Loss: 0.0050
Epoch [341/500], Train Loss: 0.0033, Train L1 Loss: 0.3353
Epoch [341/500], Validation Loss: 0.0051, Validation L1: 0.3685, Smoothed Validation Loss: 0.0050
Epoch [342/500], Train Loss: 0.0033, Train L1 Loss: 0.3377
Epoch [342/500], Validation Loss: 0.0048, Validation L1: 0.3687, Smoothed Validation Loss: 0.0050
Epoch [343/500], Train Loss: 0.0032, Train L1 Loss: 0.3356
Epoch [343/500], Validation Loss: 0.0051, Validation L1: 0.3690, Smoothed Validation Loss: 0.0050
Epoch [344/500], Train Loss: 0.0033, Train L1 Loss: 0.3372
Epoch [344/500], Validation Loss: 0.0047, Validation L1: 0.3648, Smoothed Validation Loss: 0.0050
Epoch [345/500], Train Loss: 0.0033, Train L1 Loss: 0.3348
Epoch [345/500], Validation Loss: 0.0051, Validation L1: 0.3674, Smoothed Validation Loss: 0.0050
Epoch [346/500], Train Loss: 0.0032, Train L1 Loss: 0.3365
Epoch [346/500], Validation Loss: 0.0048, Validation L1: 0.3683, Smoothed Validation Loss: 0.0050
Epoch [347/500], Train Loss: 0.0032, Train L1 Loss: 0.3351
Epoch [347/500], Validation Loss: 0.0051, Validation L1: 0.3682, Smoothed Validation Loss: 0.0050
Epoch [348/500], Train Loss: 0.0033, Train L1 Loss: 0.3370
Epoch [348/500], Validation Loss: 0.0047, Validation L1: 0.3629, Smoothed Validation Loss: 0.0050
Epoch [349/500], Train Loss: 0.0032, Train L1 Loss: 0.3344
Epoch [349/500], Validation Loss: 0.0051, Validation L1: 0.3667, Smoothed Validation Loss: 0.0050
Epoch [350/500], Train Loss: 0.0032, Train L1 Loss: 0.3357
Epoch [350/500], Validation Loss: 0.0048, Validation L1: 0.3671, Smoothed Validation Loss: 0.0050
Epoch [351/500], Train Loss: 0.0032, Train L1 Loss: 0.3349
Epoch [351/500], Validation Loss: 0.0051, Validation L1: 0.3672, Smoothed Validation Loss: 0.0050
Epoch [352/500], Train Loss: 0.0032, Train L1 Loss: 0.3361
Epoch [352/500], Validation Loss: 0.0047, Validation L1: 0.3624, Smoothed Validation Loss: 0.0049
Epoch [353/500], Train Loss: 0.0032, Train L1 Loss: 0.3339
Epoch [353/500], Validation Loss: 0.0050, Validation L1: 0.3650, Smoothed Validation Loss: 0.0049
Epoch [354/500], Train Loss: 0.0032, Train L1 Loss: 0.3344
Epoch [354/500], Validation Loss: 0.0048, Validation L1: 0.3681, Smoothed Validation Loss: 0.0049
Epoch [355/500], Train Loss: 0.0032, Train L1 Loss: 0.3341
Epoch [355/500], Validation Loss: 0.0051, Validation L1: 0.3676, Smoothed Validation Loss: 0.0049
Epoch [356/500], Train Loss: 0.0033, Train L1 Loss: 0.3366
Epoch [356/500], Validation Loss: 0.0047, Validation L1: 0.3612, Smoothed Validation Loss: 0.0049
Epoch [357/500], Train Loss: 0.0032, Train L1 Loss: 0.3339
Epoch [357/500], Validation Loss: 0.0051, Validation L1: 0.3664, Smoothed Validation Loss: 0.0049
Epoch [358/500], Train Loss: 0.0033, Train L1 Loss: 0.3367
Epoch [358/500], Validation Loss: 0.0047, Validation L1: 0.3621, Smoothed Validation Loss: 0.0049
Epoch [359/500], Train Loss: 0.0032, Train L1 Loss: 0.3340
Epoch [359/500], Validation Loss: 0.0050, Validation L1: 0.3654, Smoothed Validation Loss: 0.0049
Epoch [360/500], Train Loss: 0.0032, Train L1 Loss: 0.3353
Epoch [360/500], Validation Loss: 0.0047, Validation L1: 0.3628, Smoothed Validation Loss: 0.0049
Epoch [361/500], Train Loss: 0.0032, Train L1 Loss: 0.3333
Epoch [361/500], Validation Loss: 0.0050, Validation L1: 0.3634, Smoothed Validation Loss: 0.0049
Epoch [362/500], Train Loss: 0.0032, Train L1 Loss: 0.3327
Epoch [362/500], Validation Loss: 0.0048, Validation L1: 0.3663, Smoothed Validation Loss: 0.0049
Epoch [363/500], Train Loss: 0.0032, Train L1 Loss: 0.3334
Epoch [363/500], Validation Loss: 0.0051, Validation L1: 0.3665, Smoothed Validation Loss: 0.0049
Epoch [364/500], Train Loss: 0.0032, Train L1 Loss: 0.3355
Epoch [364/500], Validation Loss: 0.0047, Validation L1: 0.3602, Smoothed Validation Loss: 0.0049
Epoch [365/500], Train Loss: 0.0032, Train L1 Loss: 0.3332
Epoch [365/500], Validation Loss: 0.0050, Validation L1: 0.3649, Smoothed Validation Loss: 0.0049
Epoch [366/500], Train Loss: 0.0032, Train L1 Loss: 0.3345
Epoch [366/500], Validation Loss: 0.0047, Validation L1: 0.3629, Smoothed Validation Loss: 0.0049
Epoch [367/500], Train Loss: 0.0032, Train L1 Loss: 0.3333
Epoch [367/500], Validation Loss: 0.0050, Validation L1: 0.3649, Smoothed Validation Loss: 0.0049
Epoch [368/500], Train Loss: 0.0032, Train L1 Loss: 0.3344
Epoch [368/500], Validation Loss: 0.0047, Validation L1: 0.3614, Smoothed Validation Loss: 0.0049
Epoch [369/500], Train Loss: 0.0032, Train L1 Loss: 0.3326
Epoch [369/500], Validation Loss: 0.0050, Validation L1: 0.3621, Smoothed Validation Loss: 0.0049
Epoch [370/500], Train Loss: 0.0031, Train L1 Loss: 0.3318
Epoch [370/500], Validation Loss: 0.0048, Validation L1: 0.3666, Smoothed Validation Loss: 0.0049
Epoch [371/500], Train Loss: 0.0032, Train L1 Loss: 0.3323
Epoch [371/500], Validation Loss: 0.0051, Validation L1: 0.3661, Smoothed Validation Loss: 0.0049
Epoch [372/500], Train Loss: 0.0032, Train L1 Loss: 0.3349
Epoch [372/500], Validation Loss: 0.0046, Validation L1: 0.3587, Smoothed Validation Loss: 0.0049
Epoch [373/500], Train Loss: 0.0032, Train L1 Loss: 0.3325
Epoch [373/500], Validation Loss: 0.0050, Validation L1: 0.3644, Smoothed Validation Loss: 0.0049
Epoch [374/500], Train Loss: 0.0032, Train L1 Loss: 0.3336
Epoch [374/500], Validation Loss: 0.0047, Validation L1: 0.3612, Smoothed Validation Loss: 0.0049
Epoch [375/500], Train Loss: 0.0032, Train L1 Loss: 0.3327
Epoch [375/500], Validation Loss: 0.0050, Validation L1: 0.3642, Smoothed Validation Loss: 0.0049
Epoch [376/500], Train Loss: 0.0032, Train L1 Loss: 0.3336
Epoch [376/500], Validation Loss: 0.0047, Validation L1: 0.3617, Smoothed Validation Loss: 0.0049
Epoch [377/500], Train Loss: 0.0032, Train L1 Loss: 0.3319
Epoch [377/500], Validation Loss: 0.0050, Validation L1: 0.3608, Smoothed Validation Loss: 0.0049
Epoch [378/500], Train Loss: 0.0031, Train L1 Loss: 0.3303
Epoch [378/500], Validation Loss: 0.0048, Validation L1: 0.3654, Smoothed Validation Loss: 0.0049
Epoch [379/500], Train Loss: 0.0031, Train L1 Loss: 0.3313
Epoch [379/500], Validation Loss: 0.0051, Validation L1: 0.3662, Smoothed Validation Loss: 0.0049
Epoch [380/500], Train Loss: 0.0032, Train L1 Loss: 0.3342
Epoch [380/500], Validation Loss: 0.0046, Validation L1: 0.3587, Smoothed Validation Loss: 0.0049
Epoch [381/500], Train Loss: 0.0032, Train L1 Loss: 0.3322
Epoch [381/500], Validation Loss: 0.0050, Validation L1: 0.3643, Smoothed Validation Loss: 0.0049
Epoch [382/500], Train Loss: 0.0032, Train L1 Loss: 0.3338
Epoch [382/500], Validation Loss: 0.0047, Validation L1: 0.3587, Smoothed Validation Loss: 0.0049
Epoch [383/500], Train Loss: 0.0031, Train L1 Loss: 0.3317
Epoch [383/500], Validation Loss: 0.0050, Validation L1: 0.3629, Smoothed Validation Loss: 0.0049
Epoch [384/500], Train Loss: 0.0032, Train L1 Loss: 0.3332
Epoch [384/500], Validation Loss: 0.0047, Validation L1: 0.3625, Smoothed Validation Loss: 0.0049
Epoch [385/500], Train Loss: 0.0032, Train L1 Loss: 0.3314
Epoch [385/500], Validation Loss: 0.0050, Validation L1: 0.3599, Smoothed Validation Loss: 0.0049
Epoch [386/500], Train Loss: 0.0031, Train L1 Loss: 0.3295
Epoch [386/500], Validation Loss: 0.0047, Validation L1: 0.3633, Smoothed Validation Loss: 0.0049
Epoch [387/500], Train Loss: 0.0031, Train L1 Loss: 0.3303
Epoch [387/500], Validation Loss: 0.0051, Validation L1: 0.3658, Smoothed Validation Loss: 0.0049
Epoch [388/500], Train Loss: 0.0032, Train L1 Loss: 0.3343
Epoch [388/500], Validation Loss: 0.0047, Validation L1: 0.3593, Smoothed Validation Loss: 0.0049
Epoch [389/500], Train Loss: 0.0032, Train L1 Loss: 0.3319
Epoch [389/500], Validation Loss: 0.0052, Validation L1: 0.3661, Smoothed Validation Loss: 0.0049
Epoch [390/500], Train Loss: 0.0033, Train L1 Loss: 0.3364
Epoch [390/500], Validation Loss: 0.0047, Validation L1: 0.3557, Smoothed Validation Loss: 0.0049
Epoch 00392: reducing learning rate of group 0 to 3.1250e-05.
Epoch [391/500], Train Loss: 0.0030, Train L1 Loss: 0.3198
Epoch [391/500], Validation Loss: 0.0049, Validation L1: 0.3601, Smoothed Validation Loss: 0.0049
Epoch [392/500], Train Loss: 0.0028, Train L1 Loss: 0.3144
Epoch [392/500], Validation Loss: 0.0047, Validation L1: 0.3516, Smoothed Validation Loss: 0.0049
Epoch [393/500], Train Loss: 0.0027, Train L1 Loss: 0.3142
Epoch [393/500], Validation Loss: 0.0047, Validation L1: 0.3504, Smoothed Validation Loss: 0.0049
Epoch [394/500], Train Loss: 0.0027, Train L1 Loss: 0.3140
Epoch [394/500], Validation Loss: 0.0047, Validation L1: 0.3491, Smoothed Validation Loss: 0.0048
Epoch [395/500], Train Loss: 0.0027, Train L1 Loss: 0.3141
Epoch [395/500], Validation Loss: 0.0047, Validation L1: 0.3500, Smoothed Validation Loss: 0.0048
Epoch [396/500], Train Loss: 0.0027, Train L1 Loss: 0.3139
Epoch [396/500], Validation Loss: 0.0047, Validation L1: 0.3490, Smoothed Validation Loss: 0.0048
Epoch [397/500], Train Loss: 0.0027, Train L1 Loss: 0.3138
Epoch [397/500], Validation Loss: 0.0047, Validation L1: 0.3500, Smoothed Validation Loss: 0.0048
Epoch [398/500], Train Loss: 0.0027, Train L1 Loss: 0.3136
Epoch [398/500], Validation Loss: 0.0047, Validation L1: 0.3490, Smoothed Validation Loss: 0.0048
Epoch [399/500], Train Loss: 0.0027, Train L1 Loss: 0.3135
Epoch [399/500], Validation Loss: 0.0047, Validation L1: 0.3500, Smoothed Validation Loss: 0.0048
Epoch [400/500], Train Loss: 0.0027, Train L1 Loss: 0.3132
Epoch [400/500], Validation Loss: 0.0047, Validation L1: 0.3490, Smoothed Validation Loss: 0.0048
Epoch [401/500], Train Loss: 0.0027, Train L1 Loss: 0.3132
Epoch [401/500], Validation Loss: 0.0047, Validation L1: 0.3499, Smoothed Validation Loss: 0.0048
Epoch [402/500], Train Loss: 0.0027, Train L1 Loss: 0.3129
Epoch [402/500], Validation Loss: 0.0047, Validation L1: 0.3488, Smoothed Validation Loss: 0.0048
Epoch [403/500], Train Loss: 0.0027, Train L1 Loss: 0.3129
Epoch [403/500], Validation Loss: 0.0047, Validation L1: 0.3498, Smoothed Validation Loss: 0.0048
Epoch [404/500], Train Loss: 0.0027, Train L1 Loss: 0.3127
Epoch [404/500], Validation Loss: 0.0047, Validation L1: 0.3486, Smoothed Validation Loss: 0.0047
Epoch [405/500], Train Loss: 0.0027, Train L1 Loss: 0.3127
Epoch [405/500], Validation Loss: 0.0047, Validation L1: 0.3496, Smoothed Validation Loss: 0.0047
Epoch [406/500], Train Loss: 0.0027, Train L1 Loss: 0.3124
Epoch [406/500], Validation Loss: 0.0047, Validation L1: 0.3484, Smoothed Validation Loss: 0.0047
Epoch [407/500], Train Loss: 0.0027, Train L1 Loss: 0.3125
Epoch [407/500], Validation Loss: 0.0047, Validation L1: 0.3495, Smoothed Validation Loss: 0.0047
Epoch [408/500], Train Loss: 0.0027, Train L1 Loss: 0.3122
Epoch [408/500], Validation Loss: 0.0047, Validation L1: 0.3482, Smoothed Validation Loss: 0.0047
Epoch [409/500], Train Loss: 0.0027, Train L1 Loss: 0.3123
Epoch [409/500], Validation Loss: 0.0047, Validation L1: 0.3494, Smoothed Validation Loss: 0.0047
Epoch [410/500], Train Loss: 0.0027, Train L1 Loss: 0.3121
Epoch [410/500], Validation Loss: 0.0047, Validation L1: 0.3480, Smoothed Validation Loss: 0.0047
Epoch [411/500], Train Loss: 0.0027, Train L1 Loss: 0.3121
Epoch [411/500], Validation Loss: 0.0047, Validation L1: 0.3492, Smoothed Validation Loss: 0.0047
Epoch [412/500], Train Loss: 0.0027, Train L1 Loss: 0.3119
Epoch [412/500], Validation Loss: 0.0047, Validation L1: 0.3478, Smoothed Validation Loss: 0.0047
Epoch [413/500], Train Loss: 0.0027, Train L1 Loss: 0.3120
Epoch [413/500], Validation Loss: 0.0047, Validation L1: 0.3491, Smoothed Validation Loss: 0.0047
Epoch [414/500], Train Loss: 0.0027, Train L1 Loss: 0.3117
Epoch [414/500], Validation Loss: 0.0047, Validation L1: 0.3476, Smoothed Validation Loss: 0.0047
Epoch [415/500], Train Loss: 0.0027, Train L1 Loss: 0.3118
Epoch [415/500], Validation Loss: 0.0048, Validation L1: 0.3490, Smoothed Validation Loss: 0.0047
Epoch [416/500], Train Loss: 0.0027, Train L1 Loss: 0.3116
Epoch [416/500], Validation Loss: 0.0047, Validation L1: 0.3475, Smoothed Validation Loss: 0.0047
Epoch [417/500], Train Loss: 0.0027, Train L1 Loss: 0.3116
Epoch [417/500], Validation Loss: 0.0048, Validation L1: 0.3489, Smoothed Validation Loss: 0.0047
Epoch [418/500], Train Loss: 0.0027, Train L1 Loss: 0.3114
Epoch [418/500], Validation Loss: 0.0047, Validation L1: 0.3473, Smoothed Validation Loss: 0.0047
Epoch [419/500], Train Loss: 0.0027, Train L1 Loss: 0.3115
Epoch [419/500], Validation Loss: 0.0048, Validation L1: 0.3488, Smoothed Validation Loss: 0.0047
Epoch [420/500], Train Loss: 0.0027, Train L1 Loss: 0.3113
Epoch [420/500], Validation Loss: 0.0047, Validation L1: 0.3471, Smoothed Validation Loss: 0.0047
Epoch [421/500], Train Loss: 0.0027, Train L1 Loss: 0.3113
Epoch [421/500], Validation Loss: 0.0048, Validation L1: 0.3487, Smoothed Validation Loss: 0.0047
Epoch [422/500], Train Loss: 0.0027, Train L1 Loss: 0.3111
Epoch [422/500], Validation Loss: 0.0047, Validation L1: 0.3469, Smoothed Validation Loss: 0.0047
Epoch [423/500], Train Loss: 0.0027, Train L1 Loss: 0.3112
Epoch [423/500], Validation Loss: 0.0048, Validation L1: 0.3485, Smoothed Validation Loss: 0.0047
Epoch [424/500], Train Loss: 0.0027, Train L1 Loss: 0.3110
Epoch [424/500], Validation Loss: 0.0047, Validation L1: 0.3467, Smoothed Validation Loss: 0.0047
Epoch [425/500], Train Loss: 0.0027, Train L1 Loss: 0.3110
Epoch [425/500], Validation Loss: 0.0048, Validation L1: 0.3484, Smoothed Validation Loss: 0.0047
Epoch [426/500], Train Loss: 0.0027, Train L1 Loss: 0.3108
Epoch [426/500], Validation Loss: 0.0047, Validation L1: 0.3465, Smoothed Validation Loss: 0.0047
Epoch 00428: reducing learning rate of group 0 to 1.5625e-05.
Epoch [427/500], Train Loss: 0.0026, Train L1 Loss: 0.3037
Epoch [427/500], Validation Loss: 0.0046, Validation L1: 0.3465, Smoothed Validation Loss: 0.0047
Epoch [428/500], Train Loss: 0.0025, Train L1 Loss: 0.3023
Epoch [428/500], Validation Loss: 0.0047, Validation L1: 0.3457, Smoothed Validation Loss: 0.0047
Epoch [429/500], Train Loss: 0.0025, Train L1 Loss: 0.3024
Epoch [429/500], Validation Loss: 0.0047, Validation L1: 0.3460, Smoothed Validation Loss: 0.0047
Epoch [430/500], Train Loss: 0.0025, Train L1 Loss: 0.3022
Epoch [430/500], Validation Loss: 0.0047, Validation L1: 0.3458, Smoothed Validation Loss: 0.0047
Epoch [431/500], Train Loss: 0.0025, Train L1 Loss: 0.3021
Epoch [431/500], Validation Loss: 0.0047, Validation L1: 0.3458, Smoothed Validation Loss: 0.0047
Epoch [432/500], Train Loss: 0.0025, Train L1 Loss: 0.3020
Epoch [432/500], Validation Loss: 0.0047, Validation L1: 0.3456, Smoothed Validation Loss: 0.0047
Epoch [433/500], Train Loss: 0.0025, Train L1 Loss: 0.3019
Epoch [433/500], Validation Loss: 0.0047, Validation L1: 0.3456, Smoothed Validation Loss: 0.0047
Epoch [434/500], Train Loss: 0.0025, Train L1 Loss: 0.3018
Epoch [434/500], Validation Loss: 0.0047, Validation L1: 0.3455, Smoothed Validation Loss: 0.0047
Epoch [435/500], Train Loss: 0.0025, Train L1 Loss: 0.3017
Epoch [435/500], Validation Loss: 0.0047, Validation L1: 0.3455, Smoothed Validation Loss: 0.0047
Epoch [436/500], Train Loss: 0.0025, Train L1 Loss: 0.3016
Epoch [436/500], Validation Loss: 0.0047, Validation L1: 0.3454, Smoothed Validation Loss: 0.0047
Epoch [437/500], Train Loss: 0.0025, Train L1 Loss: 0.3015
Epoch [437/500], Validation Loss: 0.0047, Validation L1: 0.3454, Smoothed Validation Loss: 0.0047
Epoch [438/500], Train Loss: 0.0025, Train L1 Loss: 0.3014
Epoch [438/500], Validation Loss: 0.0047, Validation L1: 0.3453, Smoothed Validation Loss: 0.0047
Epoch [439/500], Train Loss: 0.0025, Train L1 Loss: 0.3013
Epoch [439/500], Validation Loss: 0.0047, Validation L1: 0.3453, Smoothed Validation Loss: 0.0047
Epoch [440/500], Train Loss: 0.0025, Train L1 Loss: 0.3012
Epoch [440/500], Validation Loss: 0.0047, Validation L1: 0.3452, Smoothed Validation Loss: 0.0047
Epoch [441/500], Train Loss: 0.0025, Train L1 Loss: 0.3012
Epoch [441/500], Validation Loss: 0.0047, Validation L1: 0.3453, Smoothed Validation Loss: 0.0047
Epoch [442/500], Train Loss: 0.0025, Train L1 Loss: 0.3011
