Data loaded and split
wandb: Currently logged in as: kruusalu-mikk (deeplearning_painn). Use `wandb login --relogin` to force relogin
wandb: wandb version 0.16.0 is available!  To upgrade, please run:
wandb:  $ pip install wandb --upgrade
wandb: Tracking run with wandb version 0.15.12
wandb: Run data is saved locally in /home/mikk/Deep_learning_2023/wandb/run-20231129_000339-lehkfiv3
wandb: Run `wandb offline` to turn off syncing.
wandb: Syncing run cafa-param-2-vol1
wandb: ⭐️ View project at https://wandb.ai/deeplearning_painn/cafa
wandb: 🚀 View run at https://wandb.ai/deeplearning_painn/cafa/runs/lehkfiv3
Start training
Epoch [1/500], Train Loss: 398657984965.1309, Train L1 Loss: 22185.9260
Epoch [1/500], Validation Loss: 240041.2882, Validation L1: 151.1987, Smoothed Validation Loss: 240041.2882
Epoch [2/500], Train Loss: 826958.6282, Train L1 Loss: 146.8935
Epoch [2/500], Validation Loss: 530274.9602, Validation L1: 164.8116, Smoothed Validation Loss: 327111.3898
Epoch [3/500], Train Loss: 1356399.2854, Train L1 Loss: 151.3259
Epoch [3/500], Validation Loss: 2828897.4110, Validation L1: 221.1531, Smoothed Validation Loss: 1077647.1962
Epoch [4/500], Train Loss: 5539841.7890, Train L1 Loss: 174.1690
Epoch [4/500], Validation Loss: 45426.9445, Validation L1: 72.8281, Smoothed Validation Loss: 767981.1207
Epoch [5/500], Train Loss: 69161.5141, Train L1 Loss: 62.4266
Epoch [5/500], Validation Loss: 14126.2598, Validation L1: 63.0807, Smoothed Validation Loss: 541824.6624
Epoch [6/500], Train Loss: 20220.3742, Train L1 Loss: 55.5385
Epoch [6/500], Validation Loss: 19368.5421, Validation L1: 63.4384, Smoothed Validation Loss: 385087.8263
Epoch [7/500], Train Loss: 12705.0319, Train L1 Loss: 51.1393
Epoch [7/500], Validation Loss: 4237.7712, Validation L1: 53.4169, Smoothed Validation Loss: 270832.8098
Epoch 00007: reducing learning rate of group 0 to 2.5000e-04.
Epoch [8/500], Train Loss: 35952.2731, Train L1 Loss: 52.8014
Epoch [8/500], Validation Loss: 10828.8352, Validation L1: 54.8566, Smoothed Validation Loss: 192831.6174
Epoch [9/500], Train Loss: 10902.5154, Train L1 Loss: 45.0754
Epoch [9/500], Validation Loss: 78468.0990, Validation L1: 64.1561, Smoothed Validation Loss: 158522.5619
Epoch [10/500], Train Loss: 118395.9092, Train L1 Loss: 57.9343
Epoch [10/500], Validation Loss: 49808.5780, Validation L1: 83.0581, Smoothed Validation Loss: 125908.3667
Epoch [11/500], Train Loss: 38564.3551, Train L1 Loss: 42.4404
Epoch [11/500], Validation Loss: 614.9874, Validation L1: 37.1905, Smoothed Validation Loss: 88320.3529
Epoch [12/500], Train Loss: 538.3025, Train L1 Loss: 34.1571
Epoch [12/500], Validation Loss: 627.9364, Validation L1: 37.7404, Smoothed Validation Loss: 62012.6279
Epoch [13/500], Train Loss: 474.5683, Train L1 Loss: 33.5395
Epoch [13/500], Validation Loss: 520.2238, Validation L1: 36.7485, Smoothed Validation Loss: 43564.9067
Epoch [14/500], Train Loss: 342.8636, Train L1 Loss: 32.5761
Epoch [14/500], Validation Loss: 1894.5882, Validation L1: 35.4135, Smoothed Validation Loss: 31063.8111
Epoch [15/500], Train Loss: 1452.2504, Train L1 Loss: 31.0693
Epoch [15/500], Validation Loss: 187.8797, Validation L1: 27.2888, Smoothed Validation Loss: 21801.0317
Epoch [16/500], Train Loss: 400.9465, Train L1 Loss: 22.6912
Epoch [16/500], Validation Loss: 122.1794, Validation L1: 19.5741, Smoothed Validation Loss: 15297.3760
Epoch [17/500], Train Loss: 59.5464, Train L1 Loss: 15.0134
Epoch [17/500], Validation Loss: 16.5919, Validation L1: 12.1254, Smoothed Validation Loss: 10713.1408
Epoch [18/500], Train Loss: 17.2042, Train L1 Loss: 10.2836
Epoch [18/500], Validation Loss: 9.5624, Validation L1: 8.9836, Smoothed Validation Loss: 7502.0673
Epoch [19/500], Train Loss: 29.8178, Train L1 Loss: 6.5700
Epoch [19/500], Validation Loss: 4.9993, Validation L1: 4.0875, Smoothed Validation Loss: 5252.9469
Epoch [20/500], Train Loss: 5.6885, Train L1 Loss: 3.2753
Epoch [20/500], Validation Loss: 8.5297, Validation L1: 3.1674, Smoothed Validation Loss: 3679.6217
Epoch [21/500], Train Loss: 6.0809, Train L1 Loss: 2.4402
Epoch [21/500], Validation Loss: 0.2500, Validation L1: 2.1843, Smoothed Validation Loss: 2575.8102
Epoch [22/500], Train Loss: 0.2602, Train L1 Loss: 1.9656
Epoch [22/500], Validation Loss: 0.1475, Validation L1: 1.7904, Smoothed Validation Loss: 1803.1114
Epoch [23/500], Train Loss: 0.1505, Train L1 Loss: 1.5926
Epoch [23/500], Validation Loss: 0.0990, Validation L1: 1.4673, Smoothed Validation Loss: 1262.2077
Epoch [24/500], Train Loss: 0.1059, Train L1 Loss: 1.3467
Epoch [24/500], Validation Loss: 0.0698, Validation L1: 1.2726, Smoothed Validation Loss: 883.5663
Epoch [25/500], Train Loss: 0.0740, Train L1 Loss: 1.1875
Epoch [25/500], Validation Loss: 0.0480, Validation L1: 1.1299, Smoothed Validation Loss: 618.5108
Epoch [26/500], Train Loss: 0.0523, Train L1 Loss: 1.0657
Epoch [26/500], Validation Loss: 0.0688, Validation L1: 1.0367, Smoothed Validation Loss: 432.9782
Epoch [27/500], Train Loss: 0.1439, Train L1 Loss: 0.9900
Epoch [27/500], Validation Loss: 0.0454, Validation L1: 0.8791, Smoothed Validation Loss: 303.0984
Epoch [28/500], Train Loss: 0.0388, Train L1 Loss: 0.8496
Epoch [28/500], Validation Loss: 0.0213, Validation L1: 0.8009, Smoothed Validation Loss: 212.1753
Epoch [29/500], Train Loss: 0.0203, Train L1 Loss: 0.7566
Epoch [29/500], Validation Loss: 0.0154, Validation L1: 0.7174, Smoothed Validation Loss: 148.5273
Epoch [30/500], Train Loss: 0.0191, Train L1 Loss: 0.7140
Epoch [30/500], Validation Loss: 0.0348, Validation L1: 0.6737, Smoothed Validation Loss: 103.9795
Epoch [31/500], Train Loss: 967290512084.1285, Train L1 Loss: 31950.5217
Epoch [31/500], Validation Loss: 5575767.3435, Validation L1: 415.8857, Smoothed Validation Loss: 1672802.9887
Epoch [32/500], Train Loss: 11668284.0639, Train L1 Loss: 366.2647
Epoch [32/500], Validation Loss: 3715255.1309, Validation L1: 352.3502, Smoothed Validation Loss: 2285538.6314
Epoch [33/500], Train Loss: 7279586.1660, Train L1 Loss: 300.1983
Epoch [33/500], Validation Loss: 1969977.8156, Validation L1: 275.4363, Smoothed Validation Loss: 2190870.3866
Epoch [34/500], Train Loss: 3689661.5238, Train L1 Loss: 229.7835
Epoch [34/500], Validation Loss: 883925.6361, Validation L1: 204.7891, Smoothed Validation Loss: 1798786.9615
Epoch [35/500], Train Loss: 1570093.8399, Train L1 Loss: 168.7149
Epoch [35/500], Validation Loss: 328454.3644, Validation L1: 147.8029, Smoothed Validation Loss: 1357687.1824
Epoch [36/500], Train Loss: 551358.0478, Train L1 Loss: 121.5610
Epoch [36/500], Validation Loss: 89485.9528, Validation L1: 105.0025, Smoothed Validation Loss: 977226.8135
Epoch 00036: reducing learning rate of group 0 to 1.2500e-04.
Epoch [37/500], Train Loss: 167418.3666, Train L1 Loss: 92.4530
Epoch [37/500], Validation Loss: 34108.1870, Validation L1: 87.1886, Smoothed Validation Loss: 694291.2256
Epoch [38/500], Train Loss: 57773.5409, Train L1 Loss: 75.7784
Epoch [38/500], Validation Loss: 4632.9400, Validation L1: 68.6846, Smoothed Validation Loss: 487393.7399
Epoch [39/500], Train Loss: 7765.8039, Train L1 Loss: 61.2386
Epoch [39/500], Validation Loss: 959.2391, Validation L1: 60.7903, Smoothed Validation Loss: 341463.3897
Epoch [40/500], Train Loss: 1593.1732, Train L1 Loss: 56.2083
Epoch [40/500], Validation Loss: 856.7144, Validation L1: 58.8367, Smoothed Validation Loss: 239281.3871
Epoch [41/500], Train Loss: 2446.4907, Train L1 Loss: 54.0876
Epoch [41/500], Validation Loss: 2270.2146, Validation L1: 57.9808, Smoothed Validation Loss: 168178.0353
Epoch [42/500], Train Loss: 4823.3673, Train L1 Loss: 50.2859
Epoch [42/500], Validation Loss: 4978.3288, Validation L1: 55.4194, Smoothed Validation Loss: 119218.1234
Epoch 00042: reducing learning rate of group 0 to 6.2500e-05.
Epoch [43/500], Train Loss: 5169.7579, Train L1 Loss: 42.9097
Epoch [43/500], Validation Loss: 776.1780, Validation L1: 44.5115, Smoothed Validation Loss: 83685.5397
Epoch [44/500], Train Loss: 1145.0740, Train L1 Loss: 37.8292
Epoch [44/500], Validation Loss: 19129.6905, Validation L1: 47.3824, Smoothed Validation Loss: 64318.7850
Epoch [45/500], Train Loss: 19417.3009, Train L1 Loss: 34.1543
Epoch [45/500], Validation Loss: 4720.8694, Validation L1: 24.0782, Smoothed Validation Loss: 46439.4103
Epoch [46/500], Train Loss: 1796.8672, Train L1 Loss: 18.5299
Epoch [46/500], Validation Loss: 252.2877, Validation L1: 19.1395, Smoothed Validation Loss: 32583.2735
Epoch [47/500], Train Loss: 238.8323, Train L1 Loss: 16.5923
Epoch [47/500], Validation Loss: 187.7576, Validation L1: 17.2837, Smoothed Validation Loss: 22864.6187
Epoch [48/500], Train Loss: 185.9766, Train L1 Loss: 13.8385
Epoch [48/500], Validation Loss: 102.2965, Validation L1: 13.5791, Smoothed Validation Loss: 16035.9221
Epoch 00048: reducing learning rate of group 0 to 3.1250e-05.
Epoch [49/500], Train Loss: 66.1397, Train L1 Loss: 11.9301
Epoch [49/500], Validation Loss: 594.2345, Validation L1: 13.6645, Smoothed Validation Loss: 11403.4158
Epoch [50/500], Train Loss: 494.5247, Train L1 Loss: 10.9548
Epoch [50/500], Validation Loss: 632.1553, Validation L1: 10.8939, Smoothed Validation Loss: 8172.0377
Epoch [51/500], Train Loss: 360.8925, Train L1 Loss: 7.8902
Epoch [51/500], Validation Loss: 12.9260, Validation L1: 6.6806, Smoothed Validation Loss: 5724.3042
Epoch [52/500], Train Loss: 10.7530, Train L1 Loss: 5.9114
Epoch [52/500], Validation Loss: 7.5013, Validation L1: 5.9801, Smoothed Validation Loss: 4009.2633
Epoch [53/500], Train Loss: 6.0638, Train L1 Loss: 5.2327
Epoch [53/500], Validation Loss: 4.7582, Validation L1: 5.1291, Smoothed Validation Loss: 2807.9118
Epoch [54/500], Train Loss: 3.2171, Train L1 Loss: 4.3702
Epoch [54/500], Validation Loss: 2.4469, Validation L1: 4.1267, Smoothed Validation Loss: 1966.2723
Epoch 00054: reducing learning rate of group 0 to 1.5625e-05.
Epoch [55/500], Train Loss: 2.7435, Train L1 Loss: 3.7888
Epoch [55/500], Validation Loss: 11.9883, Validation L1: 3.8754, Smoothed Validation Loss: 1379.9871
Epoch [56/500], Train Loss: 8.7442, Train L1 Loss: 3.2122
Epoch [56/500], Validation Loss: 0.8553, Validation L1: 2.9559, Smoothed Validation Loss: 966.2476
Epoch [57/500], Train Loss: 1.9333, Train L1 Loss: 2.6722
Epoch [57/500], Validation Loss: 2.5961, Validation L1: 2.6095, Smoothed Validation Loss: 677.1521
Epoch [58/500], Train Loss: 1.2696, Train L1 Loss: 2.2640
Epoch [58/500], Validation Loss: 0.1879, Validation L1: 2.2186, Smoothed Validation Loss: 474.0629
Epoch [59/500], Train Loss: 0.1966, Train L1 Loss: 2.1401
Epoch [59/500], Validation Loss: 0.1593, Validation L1: 2.1269, Smoothed Validation Loss: 331.8918
Epoch [60/500], Train Loss: 0.1387, Train L1 Loss: 2.0327
Epoch [60/500], Validation Loss: 0.1621, Validation L1: 2.0114, Smoothed Validation Loss: 232.3729
Epoch 00060: reducing learning rate of group 0 to 7.8125e-06.
Epoch [61/500], Train Loss: 0.1680, Train L1 Loss: 1.9558
Epoch [61/500], Validation Loss: 0.1225, Validation L1: 1.9466, Smoothed Validation Loss: 162.6978
Epoch [62/500], Train Loss: 0.1194, Train L1 Loss: 1.8353
Epoch [62/500], Validation Loss: 0.1463, Validation L1: 1.7987, Smoothed Validation Loss: 113.9323
Epoch [63/500], Train Loss: 0.1406, Train L1 Loss: 1.7150
Epoch [63/500], Validation Loss: 0.0766, Validation L1: 1.6489, Smoothed Validation Loss: 79.7756
Epoch [64/500], Train Loss: 0.0666, Train L1 Loss: 1.5180
Epoch [64/500], Validation Loss: 0.0581, Validation L1: 1.4354, Smoothed Validation Loss: 55.8604
Epoch [65/500], Train Loss: 0.0567, Train L1 Loss: 1.3353
Epoch [65/500], Validation Loss: 0.0444, Validation L1: 1.2446, Smoothed Validation Loss: 39.1156
Epoch [66/500], Train Loss: 0.0409, Train L1 Loss: 1.1387
Epoch [66/500], Validation Loss: 0.0350, Validation L1: 1.0723, Smoothed Validation Loss: 27.3914
Epoch [67/500], Train Loss: 0.0376, Train L1 Loss: 0.9902
Epoch [67/500], Validation Loss: 0.0251, Validation L1: 0.9190, Smoothed Validation Loss: 19.1815
Epoch [68/500], Train Loss: 0.0208, Train L1 Loss: 0.8395
Epoch [68/500], Validation Loss: 0.0180, Validation L1: 0.7830, Smoothed Validation Loss: 13.4325
Epoch [69/500], Train Loss: 0.0148, Train L1 Loss: 0.7075
Epoch [69/500], Validation Loss: 0.0127, Validation L1: 0.6552, Smoothed Validation Loss: 9.4065
Epoch [70/500], Train Loss: 0.0113, Train L1 Loss: 0.6035
Epoch [70/500], Validation Loss: 0.0093, Validation L1: 0.5591, Smoothed Validation Loss: 6.5874
Epoch [71/500], Train Loss: 0.0082, Train L1 Loss: 0.5170
Epoch [71/500], Validation Loss: 0.0072, Validation L1: 0.4884, Smoothed Validation Loss: 4.6133
Epoch [72/500], Train Loss: 0.0066, Train L1 Loss: 0.4634
Epoch [72/500], Validation Loss: 0.0060, Validation L1: 0.4431, Smoothed Validation Loss: 3.2311
Epoch [73/500], Train Loss: 0.0055, Train L1 Loss: 0.4275
Epoch [73/500], Validation Loss: 0.0053, Validation L1: 0.4226, Smoothed Validation Loss: 2.2634
Epoch [74/500], Train Loss: 0.0049, Train L1 Loss: 0.4065
Epoch [74/500], Validation Loss: 0.0046, Validation L1: 0.3948, Smoothed Validation Loss: 1.5858
Epoch [75/500], Train Loss: 0.0046, Train L1 Loss: 0.3959
Epoch [75/500], Validation Loss: 0.0044, Validation L1: 0.3851, Smoothed Validation Loss: 1.1113
Epoch [76/500], Train Loss: 0.0042, Train L1 Loss: 0.3825
Epoch [76/500], Validation Loss: 0.0040, Validation L1: 0.3717, Smoothed Validation Loss: 0.7791
Epoch [77/500], Train Loss: 0.0039, Train L1 Loss: 0.3698
Epoch [77/500], Validation Loss: 0.0038, Validation L1: 0.3591, Smoothed Validation Loss: 0.5465
Epoch [78/500], Train Loss: 0.0037, Train L1 Loss: 0.3595
Epoch [78/500], Validation Loss: 0.0035, Validation L1: 0.3496, Smoothed Validation Loss: 0.3836
Epoch [79/500], Train Loss: 0.0035, Train L1 Loss: 0.3509
Epoch [79/500], Validation Loss: 0.0034, Validation L1: 0.3415, Smoothed Validation Loss: 0.2695
Epoch [80/500], Train Loss: 0.0034, Train L1 Loss: 0.3442
Epoch [80/500], Validation Loss: 0.0032, Validation L1: 0.3355, Smoothed Validation Loss: 0.1897
Epoch [81/500], Train Loss: 0.0033, Train L1 Loss: 0.3391
Epoch [81/500], Validation Loss: 0.0031, Validation L1: 0.3298, Smoothed Validation Loss: 0.1337
Epoch [82/500], Train Loss: 0.0032, Train L1 Loss: 0.3345
Epoch [82/500], Validation Loss: 0.0030, Validation L1: 0.3254, Smoothed Validation Loss: 0.0945
Epoch [83/500], Train Loss: 0.0031, Train L1 Loss: 0.3310
Epoch [83/500], Validation Loss: 0.0030, Validation L1: 0.3220, Smoothed Validation Loss: 0.0670
Epoch [84/500], Train Loss: 0.0030, Train L1 Loss: 0.3283
Epoch [84/500], Validation Loss: 0.0029, Validation L1: 0.3189, Smoothed Validation Loss: 0.0478
Epoch [85/500], Train Loss: 0.0030, Train L1 Loss: 0.3256
Epoch [85/500], Validation Loss: 0.0029, Validation L1: 0.3162, Smoothed Validation Loss: 0.0343
Epoch [86/500], Train Loss: 0.0029, Train L1 Loss: 0.3232
Epoch [86/500], Validation Loss: 0.0028, Validation L1: 0.3139, Smoothed Validation Loss: 0.0249
Epoch [87/500], Train Loss: 0.0029, Train L1 Loss: 0.3212
Epoch [87/500], Validation Loss: 0.0028, Validation L1: 0.3119, Smoothed Validation Loss: 0.0182
Epoch [88/500], Train Loss: 0.0029, Train L1 Loss: 0.3194
Epoch [88/500], Validation Loss: 0.0027, Validation L1: 0.3099, Smoothed Validation Loss: 0.0136
Epoch [89/500], Train Loss: 0.0028, Train L1 Loss: 0.3176
Epoch [89/500], Validation Loss: 0.0027, Validation L1: 0.3085, Smoothed Validation Loss: 0.0103
Epoch [90/500], Train Loss: 0.0028, Train L1 Loss: 0.3160
Epoch [90/500], Validation Loss: 0.0027, Validation L1: 0.3069, Smoothed Validation Loss: 0.0080
Epoch [91/500], Train Loss: 0.0028, Train L1 Loss: 0.3141
Epoch [91/500], Validation Loss: 0.0027, Validation L1: 0.3055, Smoothed Validation Loss: 0.0064
Epoch [92/500], Train Loss: 0.0027, Train L1 Loss: 0.3125
Epoch [92/500], Validation Loss: 0.0026, Validation L1: 0.3041, Smoothed Validation Loss: 0.0053
Epoch [93/500], Train Loss: 0.0027, Train L1 Loss: 0.3111
Epoch [93/500], Validation Loss: 0.0026, Validation L1: 0.3029, Smoothed Validation Loss: 0.0045
Epoch [94/500], Train Loss: 0.0027, Train L1 Loss: 0.3099
Epoch [94/500], Validation Loss: 0.0026, Validation L1: 0.3017, Smoothed Validation Loss: 0.0039
Epoch [95/500], Train Loss: 0.0027, Train L1 Loss: 0.3082
Epoch [95/500], Validation Loss: 0.0026, Validation L1: 0.3006, Smoothed Validation Loss: 0.0035
Epoch [96/500], Train Loss: 0.0026, Train L1 Loss: 0.3068
Epoch [96/500], Validation Loss: 0.0026, Validation L1: 0.2995, Smoothed Validation Loss: 0.0032
Epoch [97/500], Train Loss: 0.0026, Train L1 Loss: 0.3054
Epoch [97/500], Validation Loss: 0.0025, Validation L1: 0.2982, Smoothed Validation Loss: 0.0030
Epoch [98/500], Train Loss: 0.0026, Train L1 Loss: 0.3041
Epoch [98/500], Validation Loss: 0.0025, Validation L1: 0.2974, Smoothed Validation Loss: 0.0029
Epoch [99/500], Train Loss: 0.0026, Train L1 Loss: 0.3030
Epoch [99/500], Validation Loss: 0.0025, Validation L1: 0.2961, Smoothed Validation Loss: 0.0028
Epoch [100/500], Train Loss: 0.0025, Train L1 Loss: 0.3020
Epoch [100/500], Validation Loss: 0.0025, Validation L1: 0.2955, Smoothed Validation Loss: 0.0027
Epoch [101/500], Train Loss: 0.0025, Train L1 Loss: 0.3006
Epoch [101/500], Validation Loss: 0.0025, Validation L1: 0.2945, Smoothed Validation Loss: 0.0026
Epoch [102/500], Train Loss: 0.0025, Train L1 Loss: 0.2994
Epoch [102/500], Validation Loss: 0.0025, Validation L1: 0.2938, Smoothed Validation Loss: 0.0026
Epoch [103/500], Train Loss: 0.0025, Train L1 Loss: 0.2983
Epoch [103/500], Validation Loss: 0.0024, Validation L1: 0.2928, Smoothed Validation Loss: 0.0025
Epoch [104/500], Train Loss: 0.0025, Train L1 Loss: 0.2972
Epoch [104/500], Validation Loss: 0.0024, Validation L1: 0.2919, Smoothed Validation Loss: 0.0025
Epoch [105/500], Train Loss: 0.0024, Train L1 Loss: 0.2962
Epoch [105/500], Validation Loss: 0.0024, Validation L1: 0.2908, Smoothed Validation Loss: 0.0025
Epoch [106/500], Train Loss: 0.0024, Train L1 Loss: 0.2952
Epoch [106/500], Validation Loss: 0.0024, Validation L1: 0.2902, Smoothed Validation Loss: 0.0024
Epoch [107/500], Train Loss: 0.0024, Train L1 Loss: 0.2944
Epoch [107/500], Validation Loss: 0.0024, Validation L1: 0.2886, Smoothed Validation Loss: 0.0024
Epoch [108/500], Train Loss: 0.0024, Train L1 Loss: 0.2936
Epoch [108/500], Validation Loss: 0.0024, Validation L1: 0.2889, Smoothed Validation Loss: 0.0024
Epoch [109/500], Train Loss: 0.0024, Train L1 Loss: 0.2926
Epoch [109/500], Validation Loss: 0.0023, Validation L1: 0.2877, Smoothed Validation Loss: 0.0024
Epoch [110/500], Train Loss: 0.0024, Train L1 Loss: 0.2917
Epoch [110/500], Validation Loss: 0.0023, Validation L1: 0.2872, Smoothed Validation Loss: 0.0024
Epoch [111/500], Train Loss: 0.0024, Train L1 Loss: 0.2908
Epoch [111/500], Validation Loss: 0.0023, Validation L1: 0.2864, Smoothed Validation Loss: 0.0024
Epoch [112/500], Train Loss: 0.0023, Train L1 Loss: 0.2900
Epoch [112/500], Validation Loss: 0.0023, Validation L1: 0.2856, Smoothed Validation Loss: 0.0023
Epoch [113/500], Train Loss: 0.0023, Train L1 Loss: 0.2892
Epoch [113/500], Validation Loss: 0.0023, Validation L1: 0.2847, Smoothed Validation Loss: 0.0023
Epoch [114/500], Train Loss: 0.0023, Train L1 Loss: 0.2884
Epoch [114/500], Validation Loss: 0.0023, Validation L1: 0.2839, Smoothed Validation Loss: 0.0023
Epoch [115/500], Train Loss: 0.0023, Train L1 Loss: 0.2877
Epoch [115/500], Validation Loss: 0.0023, Validation L1: 0.2831, Smoothed Validation Loss: 0.0023
Epoch [116/500], Train Loss: 0.0023, Train L1 Loss: 0.2869
Epoch [116/500], Validation Loss: 0.0023, Validation L1: 0.2825, Smoothed Validation Loss: 0.0023
Epoch [117/500], Train Loss: 0.0023, Train L1 Loss: 0.2862
Epoch [117/500], Validation Loss: 0.0022, Validation L1: 0.2818, Smoothed Validation Loss: 0.0023
Epoch [118/500], Train Loss: 0.0023, Train L1 Loss: 0.2855
Epoch [118/500], Validation Loss: 0.0022, Validation L1: 0.2813, Smoothed Validation Loss: 0.0023
Epoch [119/500], Train Loss: 0.0023, Train L1 Loss: 0.2850
Epoch [119/500], Validation Loss: 0.0022, Validation L1: 0.2805, Smoothed Validation Loss: 0.0023
Epoch [120/500], Train Loss: 0.0023, Train L1 Loss: 0.2844
Epoch [120/500], Validation Loss: 0.0022, Validation L1: 0.2804, Smoothed Validation Loss: 0.0022
Epoch [121/500], Train Loss: 0.0022, Train L1 Loss: 0.2837
Epoch [121/500], Validation Loss: 0.0022, Validation L1: 0.2798, Smoothed Validation Loss: 0.0022
Epoch [122/500], Train Loss: 0.0022, Train L1 Loss: 0.2830
Epoch [122/500], Validation Loss: 0.0022, Validation L1: 0.2794, Smoothed Validation Loss: 0.0022
Epoch [123/500], Train Loss: 0.0022, Train L1 Loss: 0.2824
Epoch [123/500], Validation Loss: 0.0022, Validation L1: 0.2788, Smoothed Validation Loss: 0.0022
Epoch [124/500], Train Loss: 0.0022, Train L1 Loss: 0.2818
Epoch [124/500], Validation Loss: 0.0022, Validation L1: 0.2783, Smoothed Validation Loss: 0.0022
Epoch [125/500], Train Loss: 0.0022, Train L1 Loss: 0.2812
Epoch [125/500], Validation Loss: 0.0022, Validation L1: 0.2778, Smoothed Validation Loss: 0.0022
Epoch [126/500], Train Loss: 0.0022, Train L1 Loss: 0.2806
Epoch [126/500], Validation Loss: 0.0022, Validation L1: 0.2773, Smoothed Validation Loss: 0.0022
Epoch [127/500], Train Loss: 0.0022, Train L1 Loss: 0.2801
Epoch [127/500], Validation Loss: 0.0022, Validation L1: 0.2769, Smoothed Validation Loss: 0.0022
Epoch [128/500], Train Loss: 0.0022, Train L1 Loss: 0.2795
Epoch [128/500], Validation Loss: 0.0022, Validation L1: 0.2764, Smoothed Validation Loss: 0.0022
Epoch [129/500], Train Loss: 0.0022, Train L1 Loss: 0.2790
Epoch [129/500], Validation Loss: 0.0021, Validation L1: 0.2759, Smoothed Validation Loss: 0.0022
Epoch [130/500], Train Loss: 0.0022, Train L1 Loss: 0.2785
Epoch [130/500], Validation Loss: 0.0021, Validation L1: 0.2755, Smoothed Validation Loss: 0.0022
Epoch [131/500], Train Loss: 0.0021, Train L1 Loss: 0.2781
Epoch [131/500], Validation Loss: 0.0021, Validation L1: 0.2751, Smoothed Validation Loss: 0.0022
Epoch [132/500], Train Loss: 0.0021, Train L1 Loss: 0.2776
Epoch [132/500], Validation Loss: 0.0021, Validation L1: 0.2747, Smoothed Validation Loss: 0.0021
Epoch [133/500], Train Loss: 0.0021, Train L1 Loss: 0.2772
Epoch [133/500], Validation Loss: 0.0021, Validation L1: 0.2744, Smoothed Validation Loss: 0.0021
Epoch [134/500], Train Loss: 0.0021, Train L1 Loss: 0.2767
Epoch [134/500], Validation Loss: 0.0021, Validation L1: 0.2740, Smoothed Validation Loss: 0.0021
Epoch [135/500], Train Loss: 0.0021, Train L1 Loss: 0.2763
Epoch [135/500], Validation Loss: 0.0021, Validation L1: 0.2737, Smoothed Validation Loss: 0.0021
Epoch [136/500], Train Loss: 0.0021, Train L1 Loss: 0.2758
Epoch [136/500], Validation Loss: 0.0021, Validation L1: 0.2733, Smoothed Validation Loss: 0.0021
Epoch [137/500], Train Loss: 0.0021, Train L1 Loss: 0.2754
Epoch [137/500], Validation Loss: 0.0021, Validation L1: 0.2730, Smoothed Validation Loss: 0.0021
Epoch [138/500], Train Loss: 0.0021, Train L1 Loss: 0.2750
Epoch [138/500], Validation Loss: 0.0021, Validation L1: 0.2726, Smoothed Validation Loss: 0.0021
Epoch [139/500], Train Loss: 0.0021, Train L1 Loss: 0.2746
Epoch [139/500], Validation Loss: 0.0021, Validation L1: 0.2723, Smoothed Validation Loss: 0.0021
Epoch [140/500], Train Loss: 0.0021, Train L1 Loss: 0.2742
Epoch [140/500], Validation Loss: 0.0021, Validation L1: 0.2720, Smoothed Validation Loss: 0.0021
Epoch [141/500], Train Loss: 0.0021, Train L1 Loss: 0.2739
Epoch [141/500], Validation Loss: 0.0021, Validation L1: 0.2717, Smoothed Validation Loss: 0.0021
Epoch [142/500], Train Loss: 0.0021, Train L1 Loss: 0.2735
Epoch [142/500], Validation Loss: 0.0021, Validation L1: 0.2713, Smoothed Validation Loss: 0.0021
Epoch [143/500], Train Loss: 0.0021, Train L1 Loss: 0.2732
Epoch [143/500], Validation Loss: 0.0021, Validation L1: 0.2710, Smoothed Validation Loss: 0.0021
Epoch [144/500], Train Loss: 0.0021, Train L1 Loss: 0.2728
Epoch [144/500], Validation Loss: 0.0021, Validation L1: 0.2706, Smoothed Validation Loss: 0.0021
Epoch [145/500], Train Loss: 0.0021, Train L1 Loss: 0.2725
Epoch [145/500], Validation Loss: 0.0021, Validation L1: 0.2704, Smoothed Validation Loss: 0.0021
Epoch [146/500], Train Loss: 0.0021, Train L1 Loss: 0.2722
Epoch [146/500], Validation Loss: 0.0021, Validation L1: 0.2700, Smoothed Validation Loss: 0.0021
Epoch [147/500], Train Loss: 0.0021, Train L1 Loss: 0.2719
Epoch [147/500], Validation Loss: 0.0021, Validation L1: 0.2698, Smoothed Validation Loss: 0.0021
Epoch [148/500], Train Loss: 0.0021, Train L1 Loss: 0.2716
Epoch [148/500], Validation Loss: 0.0021, Validation L1: 0.2694, Smoothed Validation Loss: 0.0021
Epoch [149/500], Train Loss: 0.0020, Train L1 Loss: 0.2713
Epoch [149/500], Validation Loss: 0.0021, Validation L1: 0.2692, Smoothed Validation Loss: 0.0021
Epoch [150/500], Train Loss: 0.0020, Train L1 Loss: 0.2710
Epoch [150/500], Validation Loss: 0.0020, Validation L1: 0.2689, Smoothed Validation Loss: 0.0021
Epoch [151/500], Train Loss: 0.0020, Train L1 Loss: 0.2707
Epoch [151/500], Validation Loss: 0.0020, Validation L1: 0.2686, Smoothed Validation Loss: 0.0021
Epoch [152/500], Train Loss: 0.0020, Train L1 Loss: 0.2704
Epoch [152/500], Validation Loss: 0.0020, Validation L1: 0.2683, Smoothed Validation Loss: 0.0020
Epoch [153/500], Train Loss: 0.0020, Train L1 Loss: 0.2701
Epoch [153/500], Validation Loss: 0.0020, Validation L1: 0.2680, Smoothed Validation Loss: 0.0020
Epoch [154/500], Train Loss: 0.0020, Train L1 Loss: 0.2698
Epoch [154/500], Validation Loss: 0.0020, Validation L1: 0.2677, Smoothed Validation Loss: 0.0020
Epoch [155/500], Train Loss: 0.0020, Train L1 Loss: 0.2696
Epoch [155/500], Validation Loss: 0.0020, Validation L1: 0.2675, Smoothed Validation Loss: 0.0020
Epoch [156/500], Train Loss: 0.0020, Train L1 Loss: 0.2693
Epoch [156/500], Validation Loss: 0.0020, Validation L1: 0.2672, Smoothed Validation Loss: 0.0020
Epoch [157/500], Train Loss: 0.0020, Train L1 Loss: 0.2690
Epoch [157/500], Validation Loss: 0.0020, Validation L1: 0.2670, Smoothed Validation Loss: 0.0020
Epoch [158/500], Train Loss: 0.0020, Train L1 Loss: 0.2688
Epoch [158/500], Validation Loss: 0.0020, Validation L1: 0.2667, Smoothed Validation Loss: 0.0020
Epoch [159/500], Train Loss: 0.0020, Train L1 Loss: 0.2685
Epoch [159/500], Validation Loss: 0.0020, Validation L1: 0.2664, Smoothed Validation Loss: 0.0020
Epoch [160/500], Train Loss: 0.0020, Train L1 Loss: 0.2683
Epoch [160/500], Validation Loss: 0.0020, Validation L1: 0.2662, Smoothed Validation Loss: 0.0020
Epoch [161/500], Train Loss: 0.0020, Train L1 Loss: 0.2681
Epoch [161/500], Validation Loss: 0.0020, Validation L1: 0.2659, Smoothed Validation Loss: 0.0020
Epoch [162/500], Train Loss: 0.0020, Train L1 Loss: 0.2678
Epoch [162/500], Validation Loss: 0.0020, Validation L1: 0.2657, Smoothed Validation Loss: 0.0020
Epoch [163/500], Train Loss: 0.0020, Train L1 Loss: 0.2676
Epoch [163/500], Validation Loss: 0.0020, Validation L1: 0.2654, Smoothed Validation Loss: 0.0020
Epoch [164/500], Train Loss: 0.0020, Train L1 Loss: 0.2674
Epoch [164/500], Validation Loss: 0.0020, Validation L1: 0.2652, Smoothed Validation Loss: 0.0020
Epoch [165/500], Train Loss: 0.0020, Train L1 Loss: 0.2671
Epoch [165/500], Validation Loss: 0.0020, Validation L1: 0.2649, Smoothed Validation Loss: 0.0020
Epoch [166/500], Train Loss: 0.0020, Train L1 Loss: 0.2669
Epoch [166/500], Validation Loss: 0.0020, Validation L1: 0.2647, Smoothed Validation Loss: 0.0020
Epoch [167/500], Train Loss: 0.0020, Train L1 Loss: 0.2667
Epoch [167/500], Validation Loss: 0.0020, Validation L1: 0.2644, Smoothed Validation Loss: 0.0020
Epoch [168/500], Train Loss: 0.0020, Train L1 Loss: 0.2665
Epoch [168/500], Validation Loss: 0.0020, Validation L1: 0.2642, Smoothed Validation Loss: 0.0020
Epoch [169/500], Train Loss: 0.0020, Train L1 Loss: 0.2663
Epoch [169/500], Validation Loss: 0.0020, Validation L1: 0.2640, Smoothed Validation Loss: 0.0020
Epoch [170/500], Train Loss: 0.0020, Train L1 Loss: 0.2660
Epoch [170/500], Validation Loss: 0.0020, Validation L1: 0.2637, Smoothed Validation Loss: 0.0020
